                              1 ;--------------------------------------------------------
                              2 ; File Created by SDCC : free open source ANSI-C Compiler
                              3 ; Version 3.6.8 #9946 (CYGWIN)
                              4 ;--------------------------------------------------------
                              5 	.module credits
                              6 	.optsdcc -mz80
                              7 	
                              8 ;--------------------------------------------------------
                              9 ; Public variables in this module
                             10 ;--------------------------------------------------------
                             11 	.globl _g_credits_2
                             12 	.globl _g_credits_1
                             13 	.globl _g_credits_0
                             14 	.globl _g_palette
                             15 ;--------------------------------------------------------
                             16 ; special function registers
                             17 ;--------------------------------------------------------
                             18 ;--------------------------------------------------------
                             19 ; ram data
                             20 ;--------------------------------------------------------
                             21 	.area _DATA
                             22 ;--------------------------------------------------------
                             23 ; ram data
                             24 ;--------------------------------------------------------
                             25 	.area _INITIALIZED
                             26 ;--------------------------------------------------------
                             27 ; absolute external ram data
                             28 ;--------------------------------------------------------
                             29 	.area _DABS (ABS)
                             30 ;--------------------------------------------------------
                             31 ; global & static initialisations
                             32 ;--------------------------------------------------------
                             33 	.area _HOME
                             34 	.area _GSINIT
                             35 	.area _GSFINAL
                             36 	.area _GSINIT
                             37 ;--------------------------------------------------------
                             38 ; Home
                             39 ;--------------------------------------------------------
                             40 	.area _HOME
                             41 	.area _HOME
                             42 ;--------------------------------------------------------
                             43 ; code
                             44 ;--------------------------------------------------------
                             45 	.area _CODE
                             46 	.area _CODE
   0000                      47 _g_palette:
   0000 57                   48 	.db #0x57	; 87	'W'
   0001 4E                   49 	.db #0x4e	; 78	'N'
   0002 5C                   50 	.db #0x5c	; 92
   0003 4A                   51 	.db #0x4a	; 74	'J'
   0004 40                   52 	.db #0x40	; 64
   0005 53                   53 	.db #0x53	; 83	'S'
   0006 4C                   54 	.db #0x4c	; 76	'L'
   0007 4B                   55 	.db #0x4b	; 75	'K'
   0008 54                   56 	.db #0x54	; 84	'T'
   0009 55                   57 	.db #0x55	; 85	'U'
   000A 44                   58 	.db #0x44	; 68	'D'
   000B 52                   59 	.db #0x52	; 82	'R'
   000C 4D                   60 	.db #0x4d	; 77	'M'
   000D 5D                   61 	.db #0x5d	; 93
   000E 47                   62 	.db #0x47	; 71	'G'
   000F 56                   63 	.db #0x56	; 86	'V'
   0010                      64 _g_credits_0:
   0010 03                   65 	.db #0x03	; 3
   0011 03                   66 	.db #0x03	; 3
   0012 03                   67 	.db #0x03	; 3
   0013 03                   68 	.db #0x03	; 3
   0014 03                   69 	.db #0x03	; 3
   0015 03                   70 	.db #0x03	; 3
   0016 03                   71 	.db #0x03	; 3
   0017 03                   72 	.db #0x03	; 3
   0018 03                   73 	.db #0x03	; 3
   0019 03                   74 	.db #0x03	; 3
   001A 03                   75 	.db #0x03	; 3
   001B 00                   76 	.db #0x00	; 0
   001C 00                   77 	.db #0x00	; 0
   001D 03                   78 	.db #0x03	; 3
   001E 03                   79 	.db #0x03	; 3
   001F 03                   80 	.db #0x03	; 3
   0020 F3                   81 	.db #0xf3	; 243
   0021 F3                   82 	.db #0xf3	; 243
   0022 F3                   83 	.db #0xf3	; 243
   0023 02                   84 	.db #0x02	; 2
   0024 02                   85 	.db #0x02	; 2
   0025 03                   86 	.db #0x03	; 3
   0026 03                   87 	.db #0x03	; 3
   0027 03                   88 	.db #0x03	; 3
   0028 A3                   89 	.db #0xa3	; 163
   0029 03                   90 	.db #0x03	; 3
   002A 53                   91 	.db #0x53	; 83	'S'
   002B 02                   92 	.db #0x02	; 2
   002C 02                   93 	.db #0x02	; 2
   002D 03                   94 	.db #0x03	; 3
   002E 03                   95 	.db #0x03	; 3
   002F 03                   96 	.db #0x03	; 3
   0030 53                   97 	.db #0x53	; 83	'S'
   0031 F3                   98 	.db #0xf3	; 243
   0032 53                   99 	.db #0x53	; 83	'S'
   0033 02                  100 	.db #0x02	; 2
   0034 02                  101 	.db #0x02	; 2
   0035 F0                  102 	.db #0xf0	; 240
   0036 A1                  103 	.db #0xa1	; 161
   0037 00                  104 	.db #0x00	; 0
   0038 53                  105 	.db #0x53	; 83	'S'
   0039 53                  106 	.db #0x53	; 83	'S'
   003A 53                  107 	.db #0x53	; 83	'S'
   003B 02                  108 	.db #0x02	; 2
   003C 02                  109 	.db #0x02	; 2
   003D A1                  110 	.db #0xa1	; 161
   003E A1                  111 	.db #0xa1	; 161
   003F 01                  112 	.db #0x01	; 1
   0040 53                  113 	.db #0x53	; 83	'S'
   0041 F3                  114 	.db #0xf3	; 243
   0042 F3                  115 	.db #0xf3	; 243
   0043 00                  116 	.db #0x00	; 0
   0044 00                  117 	.db #0x00	; 0
   0045 F0                  118 	.db #0xf0	; 240
   0046 F0                  119 	.db #0xf0	; 240
   0047 01                  120 	.db #0x01	; 1
   0048 03                  121 	.db #0x03	; 3
   0049 03                  122 	.db #0x03	; 3
   004A 03                  123 	.db #0x03	; 3
   004B 03                  124 	.db #0x03	; 3
   004C 03                  125 	.db #0x03	; 3
   004D 03                  126 	.db #0x03	; 3
   004E 03                  127 	.db #0x03	; 3
   004F 03                  128 	.db #0x03	; 3
   0050 03                  129 	.db #0x03	; 3
   0051 03                  130 	.db #0x03	; 3
   0052 03                  131 	.db #0x03	; 3
   0053 03                  132 	.db #0x03	; 3
   0054 03                  133 	.db #0x03	; 3
   0055 03                  134 	.db #0x03	; 3
   0056 03                  135 	.db #0x03	; 3
   0057 03                  136 	.db #0x03	; 3
   0058 03                  137 	.db #0x03	; 3
   0059 03                  138 	.db #0x03	; 3
   005A 03                  139 	.db #0x03	; 3
   005B F0                  140 	.db #0xf0	; 240
   005C A1                  141 	.db #0xa1	; 161
   005D 03                  142 	.db #0x03	; 3
   005E 03                  143 	.db #0x03	; 3
   005F 03                  144 	.db #0x03	; 3
   0060 F3                  145 	.db #0xf3	; 243
   0061 F3                  146 	.db #0xf3	; 243
   0062 F3                  147 	.db #0xf3	; 243
   0063 A1                  148 	.db #0xa1	; 161
   0064 03                  149 	.db #0x03	; 3
   0065 03                  150 	.db #0x03	; 3
   0066 03                  151 	.db #0x03	; 3
   0067 03                  152 	.db #0x03	; 3
   0068 A3                  153 	.db #0xa3	; 163
   0069 03                  154 	.db #0x03	; 3
   006A 53                  155 	.db #0x53	; 83	'S'
   006B A1                  156 	.db #0xa1	; 161
   006C 03                  157 	.db #0x03	; 3
   006D 03                  158 	.db #0x03	; 3
   006E 03                  159 	.db #0x03	; 3
   006F 03                  160 	.db #0x03	; 3
   0070 53                  161 	.db #0x53	; 83	'S'
   0071 F3                  162 	.db #0xf3	; 243
   0072 53                  163 	.db #0x53	; 83	'S'
   0073 F0                  164 	.db #0xf0	; 240
   0074 00                  165 	.db #0x00	; 0
   0075 50                  166 	.db #0x50	; 80	'P'
   0076 A0                  167 	.db #0xa0	; 160
   0077 00                  168 	.db #0x00	; 0
   0078 53                  169 	.db #0x53	; 83	'S'
   0079 53                  170 	.db #0x53	; 83	'S'
   007A 53                  171 	.db #0x53	; 83	'S'
   007B A1                  172 	.db #0xa1	; 161
   007C 01                  173 	.db #0x01	; 1
   007D A1                  174 	.db #0xa1	; 161
   007E A0                  175 	.db #0xa0	; 160
   007F 02                  176 	.db #0x02	; 2
   0080 53                  177 	.db #0x53	; 83	'S'
   0081 F3                  178 	.db #0xf3	; 243
   0082 F3                  179 	.db #0xf3	; 243
   0083 A1                  180 	.db #0xa1	; 161
   0084 01                  181 	.db #0x01	; 1
   0085 F0                  182 	.db #0xf0	; 240
   0086 F0                  183 	.db #0xf0	; 240
   0087 02                  184 	.db #0x02	; 2
   0088 03                  185 	.db #0x03	; 3
   0089 03                  186 	.db #0x03	; 3
   008A 03                  187 	.db #0x03	; 3
   008B 03                  188 	.db #0x03	; 3
   008C 03                  189 	.db #0x03	; 3
   008D 03                  190 	.db #0x03	; 3
   008E 03                  191 	.db #0x03	; 3
   008F 03                  192 	.db #0x03	; 3
   0090 03                  193 	.db #0x03	; 3
   0091 03                  194 	.db #0x03	; 3
   0092 03                  195 	.db #0x03	; 3
   0093 03                  196 	.db #0x03	; 3
   0094 03                  197 	.db #0x03	; 3
   0095 03                  198 	.db #0x03	; 3
   0096 03                  199 	.db #0x03	; 3
   0097 03                  200 	.db #0x03	; 3
   0098 03                  201 	.db #0x03	; 3
   0099 03                  202 	.db #0x03	; 3
   009A 03                  203 	.db #0x03	; 3
   009B 03                  204 	.db #0x03	; 3
   009C 03                  205 	.db #0x03	; 3
   009D 03                  206 	.db #0x03	; 3
   009E 03                  207 	.db #0x03	; 3
   009F 03                  208 	.db #0x03	; 3
   00A0 03                  209 	.db #0x03	; 3
   00A1 03                  210 	.db #0x03	; 3
   00A2 03                  211 	.db #0x03	; 3
   00A3 03                  212 	.db #0x03	; 3
   00A4 03                  213 	.db #0x03	; 3
   00A5 03                  214 	.db #0x03	; 3
   00A6 03                  215 	.db #0x03	; 3
   00A7 03                  216 	.db #0x03	; 3
   00A8 06                  217 	.db #0x06	; 6
   00A9 0C                  218 	.db #0x0c	; 12
   00AA 0C                  219 	.db #0x0c	; 12
   00AB 0C                  220 	.db #0x0c	; 12
   00AC 09                  221 	.db #0x09	; 9
   00AD 03                  222 	.db #0x03	; 3
   00AE 03                  223 	.db #0x03	; 3
   00AF 03                  224 	.db #0x03	; 3
   00B0 06                  225 	.db #0x06	; 6
   00B1 C0                  226 	.db #0xc0	; 192
   00B2 C0                  227 	.db #0xc0	; 192
   00B3 C0                  228 	.db #0xc0	; 192
   00B4 09                  229 	.db #0x09	; 9
   00B5 03                  230 	.db #0x03	; 3
   00B6 03                  231 	.db #0x03	; 3
   00B7 03                  232 	.db #0x03	; 3
   00B8 03                  233 	.db #0x03	; 3
   00B9 48                  234 	.db #0x48	; 72	'H'
   00BA 84                  235 	.db #0x84	; 132
   00BB 48                  236 	.db #0x48	; 72	'H'
   00BC 0C                  237 	.db #0x0c	; 12
   00BD 06                  238 	.db #0x06	; 6
   00BE 0C                  239 	.db #0x0c	; 12
   00BF 03                  240 	.db #0x03	; 3
   00C0 03                  241 	.db #0x03	; 3
   00C1 48                  242 	.db #0x48	; 72	'H'
   00C2 C0                  243 	.db #0xc0	; 192
   00C3 0C                  244 	.db #0x0c	; 12
   00C4 48                  245 	.db #0x48	; 72	'H'
   00C5 48                  246 	.db #0x48	; 72	'H'
   00C6 C0                  247 	.db #0xc0	; 192
   00C7 0C                  248 	.db #0x0c	; 12
   00C8 03                  249 	.db #0x03	; 3
   00C9 48                  250 	.db #0x48	; 72	'H'
   00CA C0                  251 	.db #0xc0	; 192
   00CB 09                  252 	.db #0x09	; 9
   00CC 48                  253 	.db #0x48	; 72	'H'
   00CD C0                  254 	.db #0xc0	; 192
   00CE 48                  255 	.db #0x48	; 72	'H'
   00CF 84                  256 	.db #0x84	; 132
   00D0 06                  257 	.db #0x06	; 6
   00D1 48                  258 	.db #0x48	; 72	'H'
   00D2 84                  259 	.db #0x84	; 132
   00D3 09                  260 	.db #0x09	; 9
   00D4 0C                  261 	.db #0x0c	; 12
   00D5 C0                  262 	.db #0xc0	; 192
   00D6 0C                  263 	.db #0x0c	; 12
   00D7 0C                  264 	.db #0x0c	; 12
   00D8 06                  265 	.db #0x06	; 6
   00D9 C0                  266 	.db #0xc0	; 192
   00DA C0                  267 	.db #0xc0	; 192
   00DB 09                  268 	.db #0x09	; 9
   00DC 48                  269 	.db #0x48	; 72	'H'
   00DD C0                  270 	.db #0xc0	; 192
   00DE 84                  271 	.db #0x84	; 132
   00DF 06                  272 	.db #0x06	; 6
   00E0 06                  273 	.db #0x06	; 6
   00E1 0C                  274 	.db #0x0c	; 12
   00E2 0C                  275 	.db #0x0c	; 12
   00E3 09                  276 	.db #0x09	; 9
   00E4 0C                  277 	.db #0x0c	; 12
   00E5 0C                  278 	.db #0x0c	; 12
   00E6 0C                  279 	.db #0x0c	; 12
   00E7 03                  280 	.db #0x03	; 3
   00E8                     281 _g_credits_1:
   00E8 03                  282 	.db #0x03	; 3
   00E9 03                  283 	.db #0x03	; 3
   00EA 03                  284 	.db #0x03	; 3
   00EB 03                  285 	.db #0x03	; 3
   00EC 03                  286 	.db #0x03	; 3
   00ED 03                  287 	.db #0x03	; 3
   00EE 03                  288 	.db #0x03	; 3
   00EF 03                  289 	.db #0x03	; 3
   00F0 03                  290 	.db #0x03	; 3
   00F1 52                  291 	.db #0x52	; 82	'R'
   00F2 03                  292 	.db #0x03	; 3
   00F3 03                  293 	.db #0x03	; 3
   00F4 F0                  294 	.db #0xf0	; 240
   00F5 03                  295 	.db #0x03	; 3
   00F6 03                  296 	.db #0x03	; 3
   00F7 03                  297 	.db #0x03	; 3
   00F8 03                  298 	.db #0x03	; 3
   00F9 52                  299 	.db #0x52	; 82	'R'
   00FA 03                  300 	.db #0x03	; 3
   00FB 03                  301 	.db #0x03	; 3
   00FC 52                  302 	.db #0x52	; 82	'R'
   00FD 03                  303 	.db #0x03	; 3
   00FE 03                  304 	.db #0x03	; 3
   00FF 03                  305 	.db #0x03	; 3
   0100 03                  306 	.db #0x03	; 3
   0101 52                  307 	.db #0x52	; 82	'R'
   0102 03                  308 	.db #0x03	; 3
   0103 03                  309 	.db #0x03	; 3
   0104 52                  310 	.db #0x52	; 82	'R'
   0105 03                  311 	.db #0x03	; 3
   0106 03                  312 	.db #0x03	; 3
   0107 03                  313 	.db #0x03	; 3
   0108 52                  314 	.db #0x52	; 82	'R'
   0109 F0                  315 	.db #0xf0	; 240
   010A 00                  316 	.db #0x00	; 0
   010B 01                  317 	.db #0x01	; 1
   010C 52                  318 	.db #0x52	; 82	'R'
   010D 02                  319 	.db #0x02	; 2
   010E 00                  320 	.db #0x00	; 0
   010F 52                  321 	.db #0x52	; 82	'R'
   0110 52                  322 	.db #0x52	; 82	'R'
   0111 52                  323 	.db #0x52	; 82	'R'
   0112 01                  324 	.db #0x01	; 1
   0113 01                  325 	.db #0x01	; 1
   0114 52                  326 	.db #0x52	; 82	'R'
   0115 02                  327 	.db #0x02	; 2
   0116 02                  328 	.db #0x02	; 2
   0117 52                  329 	.db #0x52	; 82	'R'
   0118 52                  330 	.db #0x52	; 82	'R'
   0119 F0                  331 	.db #0xf0	; 240
   011A 00                  332 	.db #0x00	; 0
   011B 00                  333 	.db #0x00	; 0
   011C 52                  334 	.db #0x52	; 82	'R'
   011D 02                  335 	.db #0x02	; 2
   011E 00                  336 	.db #0x00	; 0
   011F 52                  337 	.db #0x52	; 82	'R'
   0120 03                  338 	.db #0x03	; 3
   0121 03                  339 	.db #0x03	; 3
   0122 03                  340 	.db #0x03	; 3
   0123 03                  341 	.db #0x03	; 3
   0124 03                  342 	.db #0x03	; 3
   0125 03                  343 	.db #0x03	; 3
   0126 03                  344 	.db #0x03	; 3
   0127 03                  345 	.db #0x03	; 3
   0128 03                  346 	.db #0x03	; 3
   0129 03                  347 	.db #0x03	; 3
   012A 03                  348 	.db #0x03	; 3
   012B 03                  349 	.db #0x03	; 3
   012C 03                  350 	.db #0x03	; 3
   012D 03                  351 	.db #0x03	; 3
   012E 03                  352 	.db #0x03	; 3
   012F 03                  353 	.db #0x03	; 3
   0130 F0                  354 	.db #0xf0	; 240
   0131 A1                  355 	.db #0xa1	; 161
   0132 03                  356 	.db #0x03	; 3
   0133 52                  357 	.db #0x52	; 82	'R'
   0134 01                  358 	.db #0x01	; 1
   0135 03                  359 	.db #0x03	; 3
   0136 03                  360 	.db #0x03	; 3
   0137 03                  361 	.db #0x03	; 3
   0138 A1                  362 	.db #0xa1	; 161
   0139 03                  363 	.db #0x03	; 3
   013A 03                  364 	.db #0x03	; 3
   013B 52                  365 	.db #0x52	; 82	'R'
   013C 01                  366 	.db #0x01	; 1
   013D 03                  367 	.db #0x03	; 3
   013E 03                  368 	.db #0x03	; 3
   013F 03                  369 	.db #0x03	; 3
   0140 A1                  370 	.db #0xa1	; 161
   0141 03                  371 	.db #0x03	; 3
   0142 03                  372 	.db #0x03	; 3
   0143 52                  373 	.db #0x52	; 82	'R'
   0144 50                  374 	.db #0x50	; 80	'P'
   0145 F0                  375 	.db #0xf0	; 240
   0146 03                  376 	.db #0x03	; 3
   0147 03                  377 	.db #0x03	; 3
   0148 A1                  378 	.db #0xa1	; 161
   0149 A0                  379 	.db #0xa0	; 160
   014A 00                  380 	.db #0x00	; 0
   014B 52                  381 	.db #0x52	; 82	'R'
   014C 50                  382 	.db #0x50	; 80	'P'
   014D 52                  383 	.db #0x52	; 82	'R'
   014E 00                  384 	.db #0x00	; 0
   014F 50                  385 	.db #0x50	; 80	'P'
   0150 A1                  386 	.db #0xa1	; 161
   0151 A0                  387 	.db #0xa0	; 160
   0152 02                  388 	.db #0x02	; 2
   0153 52                  389 	.db #0x52	; 82	'R'
   0154 50                  390 	.db #0x50	; 80	'P'
   0155 F0                  391 	.db #0xf0	; 240
   0156 01                  392 	.db #0x01	; 1
   0157 50                  393 	.db #0x50	; 80	'P'
   0158 F0                  394 	.db #0xf0	; 240
   0159 A0                  395 	.db #0xa0	; 160
   015A 00                  396 	.db #0x00	; 0
   015B 50                  397 	.db #0x50	; 80	'P'
   015C 50                  398 	.db #0x50	; 80	'P'
   015D 03                  399 	.db #0x03	; 3
   015E 00                  400 	.db #0x00	; 0
   015F 50                  401 	.db #0x50	; 80	'P'
   0160 03                  402 	.db #0x03	; 3
   0161 03                  403 	.db #0x03	; 3
   0162 03                  404 	.db #0x03	; 3
   0163 03                  405 	.db #0x03	; 3
   0164 52                  406 	.db #0x52	; 82	'R'
   0165 F0                  407 	.db #0xf0	; 240
   0166 03                  408 	.db #0x03	; 3
   0167 01                  409 	.db #0x01	; 1
   0168 03                  410 	.db #0x03	; 3
   0169 03                  411 	.db #0x03	; 3
   016A 03                  412 	.db #0x03	; 3
   016B 03                  413 	.db #0x03	; 3
   016C 03                  414 	.db #0x03	; 3
   016D 03                  415 	.db #0x03	; 3
   016E 03                  416 	.db #0x03	; 3
   016F 01                  417 	.db #0x01	; 1
   0170 03                  418 	.db #0x03	; 3
   0171 03                  419 	.db #0x03	; 3
   0172 03                  420 	.db #0x03	; 3
   0173 03                  421 	.db #0x03	; 3
   0174 03                  422 	.db #0x03	; 3
   0175 03                  423 	.db #0x03	; 3
   0176 02                  424 	.db #0x02	; 2
   0177 01                  425 	.db #0x01	; 1
   0178 03                  426 	.db #0x03	; 3
   0179 03                  427 	.db #0x03	; 3
   017A 03                  428 	.db #0x03	; 3
   017B 03                  429 	.db #0x03	; 3
   017C 03                  430 	.db #0x03	; 3
   017D 03                  431 	.db #0x03	; 3
   017E 03                  432 	.db #0x03	; 3
   017F 03                  433 	.db #0x03	; 3
   0180 03                  434 	.db #0x03	; 3
   0181 03                  435 	.db #0x03	; 3
   0182 03                  436 	.db #0x03	; 3
   0183 03                  437 	.db #0x03	; 3
   0184 03                  438 	.db #0x03	; 3
   0185 03                  439 	.db #0x03	; 3
   0186 03                  440 	.db #0x03	; 3
   0187 03                  441 	.db #0x03	; 3
   0188 06                  442 	.db #0x06	; 6
   0189 0C                  443 	.db #0x0c	; 12
   018A 03                  444 	.db #0x03	; 3
   018B 03                  445 	.db #0x03	; 3
   018C 03                  446 	.db #0x03	; 3
   018D 03                  447 	.db #0x03	; 3
   018E 03                  448 	.db #0x03	; 3
   018F 03                  449 	.db #0x03	; 3
   0190 48                  450 	.db #0x48	; 72	'H'
   0191 C0                  451 	.db #0xc0	; 192
   0192 09                  452 	.db #0x09	; 9
   0193 0C                  453 	.db #0x0c	; 12
   0194 0C                  454 	.db #0x0c	; 12
   0195 09                  455 	.db #0x09	; 9
   0196 03                  456 	.db #0x03	; 3
   0197 0C                  457 	.db #0x0c	; 12
   0198 C0                  458 	.db #0xc0	; 192
   0199 42                  459 	.db #0x42	; 66	'B'
   019A 84                  460 	.db #0x84	; 132
   019B C0                  461 	.db #0xc0	; 192
   019C 48                  462 	.db #0x48	; 72	'H'
   019D 84                  463 	.db #0x84	; 132
   019E 0C                  464 	.db #0x0c	; 12
   019F C0                  465 	.db #0xc0	; 192
   01A0 C0                  466 	.db #0xc0	; 192
   01A1 C0                  467 	.db #0xc0	; 192
   01A2 C0                  468 	.db #0xc0	; 192
   01A3 C0                  469 	.db #0xc0	; 192
   01A4 C0                  470 	.db #0xc0	; 192
   01A5 C0                  471 	.db #0xc0	; 192
   01A6 48                  472 	.db #0x48	; 72	'H'
   01A7 42                  473 	.db #0x42	; 66	'B'
   01A8 C0                  474 	.db #0xc0	; 192
   01A9 0C                  475 	.db #0x0c	; 12
   01AA 48                  476 	.db #0x48	; 72	'H'
   01AB 84                  477 	.db #0x84	; 132
   01AC 84                  478 	.db #0x84	; 132
   01AD C0                  479 	.db #0xc0	; 192
   01AE 48                  480 	.db #0x48	; 72	'H'
   01AF 03                  481 	.db #0x03	; 3
   01B0 48                  482 	.db #0x48	; 72	'H'
   01B1 C0                  483 	.db #0xc0	; 192
   01B2 48                  484 	.db #0x48	; 72	'H'
   01B3 84                  485 	.db #0x84	; 132
   01B4 0C                  486 	.db #0x0c	; 12
   01B5 C0                  487 	.db #0xc0	; 192
   01B6 0C                  488 	.db #0x0c	; 12
   01B7 C0                  489 	.db #0xc0	; 192
   01B8 0C                  490 	.db #0x0c	; 12
   01B9 0C                  491 	.db #0x0c	; 12
   01BA 0C                  492 	.db #0x0c	; 12
   01BB 0C                  493 	.db #0x0c	; 12
   01BC 06                  494 	.db #0x06	; 6
   01BD 0C                  495 	.db #0x0c	; 12
   01BE 09                  496 	.db #0x09	; 9
   01BF 0C                  497 	.db #0x0c	; 12
   01C0                     498 _g_credits_2:
   01C0 02                  499 	.db #0x02	; 2
   01C1 03                  500 	.db #0x03	; 3
   01C2 A1                  501 	.db #0xa1	; 161
   01C3 03                  502 	.db #0x03	; 3
   01C4 02                  503 	.db #0x02	; 2
   01C5 03                  504 	.db #0x03	; 3
   01C6 A1                  505 	.db #0xa1	; 161
   01C7 03                  506 	.db #0x03	; 3
   01C8 02                  507 	.db #0x02	; 2
   01C9 01                  508 	.db #0x01	; 1
   01CA A1                  509 	.db #0xa1	; 161
   01CB 03                  510 	.db #0x03	; 3
   01CC 02                  511 	.db #0x02	; 2
   01CD 03                  512 	.db #0x03	; 3
   01CE A1                  513 	.db #0xa1	; 161
   01CF 03                  514 	.db #0x03	; 3
   01D0 A0                  515 	.db #0xa0	; 160
   01D1 03                  516 	.db #0x03	; 3
   01D2 F0                  517 	.db #0xf0	; 240
   01D3 A1                  518 	.db #0xa1	; 161
   01D4 02                  519 	.db #0x02	; 2
   01D5 03                  520 	.db #0x03	; 3
   01D6 A1                  521 	.db #0xa1	; 161
   01D7 A1                  522 	.db #0xa1	; 161
   01D8 02                  523 	.db #0x02	; 2
   01D9 01                  524 	.db #0x01	; 1
   01DA A1                  525 	.db #0xa1	; 161
   01DB A1                  526 	.db #0xa1	; 161
   01DC 03                  527 	.db #0x03	; 3
   01DD 03                  528 	.db #0x03	; 3
   01DE 03                  529 	.db #0x03	; 3
   01DF 03                  530 	.db #0x03	; 3
   01E0 03                  531 	.db #0x03	; 3
   01E1 03                  532 	.db #0x03	; 3
   01E2 03                  533 	.db #0x03	; 3
   01E3 03                  534 	.db #0x03	; 3
   01E4 03                  535 	.db #0x03	; 3
   01E5 00                  536 	.db #0x00	; 0
   01E6 50                  537 	.db #0x50	; 80	'P'
   01E7 F0                  538 	.db #0xf0	; 240
   01E8 03                  539 	.db #0x03	; 3
   01E9 01                  540 	.db #0x01	; 1
   01EA 50                  541 	.db #0x50	; 80	'P'
   01EB 52                  542 	.db #0x52	; 82	'R'
   01EC 03                  543 	.db #0x03	; 3
   01ED 00                  544 	.db #0x00	; 0
   01EE 50                  545 	.db #0x50	; 80	'P'
   01EF F0                  546 	.db #0xf0	; 240
   01F0 F0                  547 	.db #0xf0	; 240
   01F1 00                  548 	.db #0x00	; 0
   01F2 50                  549 	.db #0x50	; 80	'P'
   01F3 A1                  550 	.db #0xa1	; 161
   01F4 52                  551 	.db #0x52	; 82	'R'
   01F5 01                  552 	.db #0x01	; 1
   01F6 50                  553 	.db #0x50	; 80	'P'
   01F7 A1                  554 	.db #0xa1	; 161
   01F8 F0                  555 	.db #0xf0	; 240
   01F9 00                  556 	.db #0x00	; 0
   01FA 50                  557 	.db #0x50	; 80	'P'
   01FB 52                  558 	.db #0x52	; 82	'R'
   01FC 03                  559 	.db #0x03	; 3
   01FD 03                  560 	.db #0x03	; 3
   01FE 03                  561 	.db #0x03	; 3
   01FF 03                  562 	.db #0x03	; 3
   0200 03                  563 	.db #0x03	; 3
   0201 03                  564 	.db #0x03	; 3
   0202 03                  565 	.db #0x03	; 3
   0203 03                  566 	.db #0x03	; 3
   0204 03                  567 	.db #0x03	; 3
   0205 03                  568 	.db #0x03	; 3
   0206 03                  569 	.db #0x03	; 3
   0207 03                  570 	.db #0x03	; 3
   0208 03                  571 	.db #0x03	; 3
   0209 03                  572 	.db #0x03	; 3
   020A 03                  573 	.db #0x03	; 3
   020B 03                  574 	.db #0x03	; 3
   020C 03                  575 	.db #0x03	; 3
   020D 03                  576 	.db #0x03	; 3
   020E 03                  577 	.db #0x03	; 3
   020F 03                  578 	.db #0x03	; 3
   0210 03                  579 	.db #0x03	; 3
   0211 0C                  580 	.db #0x0c	; 12
   0212 09                  581 	.db #0x09	; 9
   0213 03                  582 	.db #0x03	; 3
   0214 06                  583 	.db #0x06	; 6
   0215 C0                  584 	.db #0xc0	; 192
   0216 84                  585 	.db #0x84	; 132
   0217 03                  586 	.db #0x03	; 3
   0218 48                  587 	.db #0x48	; 72	'H'
   0219 84                  588 	.db #0x84	; 132
   021A 09                  589 	.db #0x09	; 9
   021B 03                  590 	.db #0x03	; 3
   021C 84                  591 	.db #0x84	; 132
   021D C0                  592 	.db #0xc0	; 192
   021E 84                  593 	.db #0x84	; 132
   021F 03                  594 	.db #0x03	; 3
   0220 84                  595 	.db #0x84	; 132
   0221 0C                  596 	.db #0x0c	; 12
   0222 C0                  597 	.db #0xc0	; 192
   0223 09                  598 	.db #0x09	; 9
   0224 0C                  599 	.db #0x0c	; 12
   0225 C0                  600 	.db #0xc0	; 192
   0226 84                  601 	.db #0x84	; 132
   0227 03                  602 	.db #0x03	; 3
   0228 03                  603 	.db #0x03	; 3
   0229 0C                  604 	.db #0x0c	; 12
   022A 0C                  605 	.db #0x0c	; 12
   022B 03                  606 	.db #0x03	; 3
                            607 	.area _INITIALIZER
                            608 	.area _CABS (ABS)
