                              1 ;--------------------------------------------------------
                              2 ; File Created by SDCC : free open source ANSI-C Compiler
                              3 ; Version 3.6.8 #9946 (CYGWIN)
                              4 ;--------------------------------------------------------
                              5 	.module main
                              6 	.optsdcc -mz80
                              7 	
                              8 ;--------------------------------------------------------
                              9 ; Public variables in this module
                             10 ;--------------------------------------------------------
                             11 	.globl _main
                             12 	.globl _init
                             13 	.globl _mover_personaje
                             14 	.globl _dibujarProta
                             15 	.globl _cpct_getScreenPtr
                             16 	.globl _cpct_setPALColour
                             17 	.globl _cpct_setPalette
                             18 	.globl _cpct_setVideoMode
                             19 	.globl _cpct_drawSprite
                             20 	.globl _cpct_isAnyKeyPressed_f
                             21 	.globl _cpct_isKeyPressed
                             22 	.globl _cpct_memset
                             23 	.globl _cpct_disableFirmware
                             24 	.globl _prota
                             25 ;--------------------------------------------------------
                             26 ; special function registers
                             27 ;--------------------------------------------------------
                             28 ;--------------------------------------------------------
                             29 ; ram data
                             30 ;--------------------------------------------------------
                             31 	.area _DATA
   0000                      32 _prota::
   0000                      33 	.ds 5
                             34 ;--------------------------------------------------------
                             35 ; ram data
                             36 ;--------------------------------------------------------
                             37 	.area _INITIALIZED
                             38 ;--------------------------------------------------------
                             39 ; absolute external ram data
                             40 ;--------------------------------------------------------
                             41 	.area _DABS (ABS)
                             42 ;--------------------------------------------------------
                             43 ; global & static initialisations
                             44 ;--------------------------------------------------------
                             45 	.area _HOME
                             46 	.area _GSINIT
                             47 	.area _GSFINAL
                             48 	.area _GSINIT
                             49 ;--------------------------------------------------------
                             50 ; Home
                             51 ;--------------------------------------------------------
                             52 	.area _HOME
                             53 	.area _HOME
                             54 ;--------------------------------------------------------
                             55 ; code
                             56 ;--------------------------------------------------------
                             57 	.area _CODE
                             58 ;src/main.c:27: void dibujarProta(){
                             59 ;	---------------------------------
                             60 ; Function dibujarProta
                             61 ; ---------------------------------
   0000                      62 _dibujarProta::
                             63 ;src/main.c:28: u8* pvmem=cpct_getScreenPtr(CPCT_VMEM_START,prota.x,prota.y);
   0000 21r01r00      [10]   64 	ld	hl, #_prota + 1
   0003 56            [ 7]   65 	ld	d, (hl)
   0004 21r00r00      [10]   66 	ld	hl, #_prota + 0
   0007 5E            [ 7]   67 	ld	e, (hl)
   0008 D5            [11]   68 	push	de
   0009 21 00 C0      [10]   69 	ld	hl, #0xc000
   000C E5            [11]   70 	push	hl
   000D CDr00r00      [17]   71 	call	_cpct_getScreenPtr
   0010 4D            [ 4]   72 	ld	c, l
   0011 44            [ 4]   73 	ld	b, h
                             74 ;src/main.c:30: cpct_drawSprite(prota.sprite,pvmem,G_PJ_0_W,G_PJ_0_H);
   0012 2Ar02r00      [16]   75 	ld	hl, (#_prota + 2)
   0015 11 10 20      [10]   76 	ld	de, #0x2010
   0018 D5            [11]   77 	push	de
   0019 C5            [11]   78 	push	bc
   001A E5            [11]   79 	push	hl
   001B CDr00r00      [17]   80 	call	_cpct_drawSprite
   001E C9            [10]   81 	ret
                             82 ;src/main.c:32: void mover_personaje(){
                             83 ;	---------------------------------
                             84 ; Function mover_personaje
                             85 ; ---------------------------------
   001F                      86 _mover_personaje::
                             87 ;src/main.c:33: if(cpct_isKeyPressed(Key_CursorRight)){
   001F 21 00 02      [10]   88 	ld	hl, #0x0200
   0022 CDr00r00      [17]   89 	call	_cpct_isKeyPressed
   0025 7D            [ 4]   90 	ld	a, l
   0026 B7            [ 4]   91 	or	a, a
   0027 C0            [11]   92 	ret	NZ
                             93 ;src/main.c:35: }else if(cpct_isKeyPressed(Key_CursorLeft)){
   0028 21 01 01      [10]   94 	ld	hl, #0x0101
   002B CDr00r00      [17]   95 	call	_cpct_isKeyPressed
   002E 7D            [ 4]   96 	ld	a, l
   002F B7            [ 4]   97 	or	a, a
   0030 C0            [11]   98 	ret	NZ
                             99 ;src/main.c:37: }else if(cpct_isKeyPressed(Key_CursorUp)){
   0031 21 00 01      [10]  100 	ld	hl, #0x0100
   0034 C3r00r00      [10]  101 	jp  _cpct_isKeyPressed
                            102 ;src/main.c:43: void init(){
                            103 ;	---------------------------------
                            104 ; Function init
                            105 ; ---------------------------------
   0037                     106 _init::
                            107 ;src/main.c:45: cpct_disableFirmware();
   0037 CDr00r00      [17]  108 	call	_cpct_disableFirmware
                            109 ;src/main.c:47: cpct_memset(CPCT_VMEM_START, 0, 0x4000);
   003A 21 00 40      [10]  110 	ld	hl, #0x4000
   003D E5            [11]  111 	push	hl
   003E AF            [ 4]  112 	xor	a, a
   003F F5            [11]  113 	push	af
   0040 33            [ 6]  114 	inc	sp
   0041 26 C0         [ 7]  115 	ld	h, #0xc0
   0043 E5            [11]  116 	push	hl
   0044 CDr00r00      [17]  117 	call	_cpct_memset
                            118 ;src/main.c:48: cpct_setVideoMode(0);
   0047 2E 00         [ 7]  119 	ld	l, #0x00
   0049 CDr00r00      [17]  120 	call	_cpct_setVideoMode
                            121 ;src/main.c:49: cpct_setBorder(HW_BLACK);
   004C 21 10 14      [10]  122 	ld	hl, #0x1410
   004F E5            [11]  123 	push	hl
   0050 CDr00r00      [17]  124 	call	_cpct_setPALColour
                            125 ;src/main.c:51: cpct_setPalette(g_palette, 16);
   0053 21 10 00      [10]  126 	ld	hl, #0x0010
   0056 E5            [11]  127 	push	hl
   0057 21r00r00      [10]  128 	ld	hl, #_g_palette
   005A E5            [11]  129 	push	hl
   005B CDr00r00      [17]  130 	call	_cpct_setPalette
                            131 ;src/main.c:54: pvmem = cpct_getScreenPtr(CPCT_VMEM_START, 20, 96);
   005E 21 14 60      [10]  132 	ld	hl, #0x6014
   0061 E5            [11]  133 	push	hl
   0062 21 00 C0      [10]  134 	ld	hl, #0xc000
   0065 E5            [11]  135 	push	hl
   0066 CDr00r00      [17]  136 	call	_cpct_getScreenPtr
   0069 EB            [ 4]  137 	ex	de,hl
                            138 ;src/main.c:57: prota.x=20;
   006A 21r00r00      [10]  139 	ld	hl, #_prota
   006D 36 14         [10]  140 	ld	(hl), #0x14
                            141 ;src/main.c:58: prota.y=15;
   006F 21r01r00      [10]  142 	ld	hl, #(_prota + 0x0001)
   0072 36 0F         [10]  143 	ld	(hl), #0x0f
                            144 ;src/main.c:59: prota.sprite=g_PJ_0;
   0074 01r00r00      [10]  145 	ld	bc, #_g_PJ_0+0
   0077 ED 43r02r00   [20]  146 	ld	((_prota + 0x0002)), bc
                            147 ;src/main.c:60: cpct_drawSprite(prota.sprite,pvmem,16,32);
   007B 21 10 20      [10]  148 	ld	hl, #0x2010
   007E E5            [11]  149 	push	hl
   007F D5            [11]  150 	push	de
   0080 C5            [11]  151 	push	bc
   0081 CDr00r00      [17]  152 	call	_cpct_drawSprite
   0084 C9            [10]  153 	ret
                            154 ;src/main.c:64: void main(void) {
                            155 ;	---------------------------------
                            156 ; Function main
                            157 ; ---------------------------------
   0085                     158 _main::
                            159 ;src/main.c:65: init();
   0085 CDr37r00      [17]  160 	call	_init
                            161 ;src/main.c:68: while (1){
   0088                     162 00104$:
                            163 ;src/main.c:69: if(cpct_isAnyKeyPressed_f){//con f mas rapido pero mas memoria
   0088 3Es00         [ 7]  164 	ld	a, #>(_cpct_isAnyKeyPressed_f)
   008A F6r00         [ 7]  165 	or	a,#<(_cpct_isAnyKeyPressed_f)
   008C 28 FA         [12]  166 	jr	Z,00104$
                            167 ;src/main.c:70: mover_personaje();
   008E CDr1Fr00      [17]  168 	call	_mover_personaje
   0091 18 F5         [12]  169 	jr	00104$
                            170 	.area _CODE
                            171 	.area _INITIALIZER
                            172 	.area _CABS (ABS)
