                              1 ;--------------------------------------------------------
                              2 ; File Created by SDCC : free open source ANSI-C Compiler
                              3 ; Version 3.6.8 #9946 (CYGWIN)
                              4 ;--------------------------------------------------------
                              5 	.module PJ
                              6 	.optsdcc -mz80
                              7 	
                              8 ;--------------------------------------------------------
                              9 ; Public variables in this module
                             10 ;--------------------------------------------------------
                             11 	.globl _g_PJ_7
                             12 	.globl _g_PJ_6
                             13 	.globl _g_PJ_5
                             14 	.globl _g_PJ_4
                             15 	.globl _g_PJ_3
                             16 	.globl _g_PJ_2
                             17 	.globl _g_PJ_1
                             18 	.globl _g_PJ_0
                             19 	.globl _g_palette
                             20 ;--------------------------------------------------------
                             21 ; special function registers
                             22 ;--------------------------------------------------------
                             23 ;--------------------------------------------------------
                             24 ; ram data
                             25 ;--------------------------------------------------------
                             26 	.area _DATA
                             27 ;--------------------------------------------------------
                             28 ; ram data
                             29 ;--------------------------------------------------------
                             30 	.area _INITIALIZED
                             31 ;--------------------------------------------------------
                             32 ; absolute external ram data
                             33 ;--------------------------------------------------------
                             34 	.area _DABS (ABS)
                             35 ;--------------------------------------------------------
                             36 ; global & static initialisations
                             37 ;--------------------------------------------------------
                             38 	.area _HOME
                             39 	.area _GSINIT
                             40 	.area _GSFINAL
                             41 	.area _GSINIT
                             42 ;--------------------------------------------------------
                             43 ; Home
                             44 ;--------------------------------------------------------
                             45 	.area _HOME
                             46 	.area _HOME
                             47 ;--------------------------------------------------------
                             48 ; code
                             49 ;--------------------------------------------------------
                             50 	.area _CODE
                             51 	.area _CODE
   0000                      52 _g_palette:
   0000 57                   53 	.db #0x57	; 87	'W'
   0001 4E                   54 	.db #0x4e	; 78	'N'
   0002 5C                   55 	.db #0x5c	; 92
   0003 4A                   56 	.db #0x4a	; 74	'J'
   0004 40                   57 	.db #0x40	; 64
   0005 53                   58 	.db #0x53	; 83	'S'
   0006 4C                   59 	.db #0x4c	; 76	'L'
   0007 4B                   60 	.db #0x4b	; 75	'K'
   0008 54                   61 	.db #0x54	; 84	'T'
   0009 55                   62 	.db #0x55	; 85	'U'
   000A 44                   63 	.db #0x44	; 68	'D'
   000B 52                   64 	.db #0x52	; 82	'R'
   000C 4D                   65 	.db #0x4d	; 77	'M'
   000D 5D                   66 	.db #0x5d	; 93
   000E 47                   67 	.db #0x47	; 71	'G'
   000F 56                   68 	.db #0x56	; 86	'V'
   0010                      69 _g_PJ_0:
   0010 03                   70 	.db #0x03	; 3
   0011 03                   71 	.db #0x03	; 3
   0012 03                   72 	.db #0x03	; 3
   0013 03                   73 	.db #0x03	; 3
   0014 03                   74 	.db #0x03	; 3
   0015 03                   75 	.db #0x03	; 3
   0016 03                   76 	.db #0x03	; 3
   0017 03                   77 	.db #0x03	; 3
   0018 03                   78 	.db #0x03	; 3
   0019 03                   79 	.db #0x03	; 3
   001A 03                   80 	.db #0x03	; 3
   001B 42                   81 	.db #0x42	; 66	'B'
   001C CC                   82 	.db #0xcc	; 204
   001D CC                   83 	.db #0xcc	; 204
   001E CC                   84 	.db #0xcc	; 204
   001F 09                   85 	.db #0x09	; 9
   0020 03                   86 	.db #0x03	; 3
   0021 03                   87 	.db #0x03	; 3
   0022 03                   88 	.db #0x03	; 3
   0023 03                   89 	.db #0x03	; 3
   0024 46                   90 	.db #0x46	; 70	'F'
   0025 CC                   91 	.db #0xcc	; 204
   0026 CC                   92 	.db #0xcc	; 204
   0027 CC                   93 	.db #0xcc	; 204
   0028 89                   94 	.db #0x89	; 137
   0029 03                   95 	.db #0x03	; 3
   002A 03                   96 	.db #0x03	; 3
   002B 03                   97 	.db #0x03	; 3
   002C 06                   98 	.db #0x06	; 6
   002D 48                   99 	.db #0x48	; 72	'H'
   002E C0                  100 	.db #0xc0	; 192
   002F C0                  101 	.db #0xc0	; 192
   0030 C0                  102 	.db #0xc0	; 192
   0031 84                  103 	.db #0x84	; 132
   0032 09                  104 	.db #0x09	; 9
   0033 03                  105 	.db #0x03	; 3
   0034 03                  106 	.db #0x03	; 3
   0035 06                  107 	.db #0x06	; 6
   0036 3C                  108 	.db #0x3c	; 60
   0037 3C                  109 	.db #0x3c	; 60
   0038 3C                  110 	.db #0x3c	; 60
   0039 3C                  111 	.db #0x3c	; 60
   003A 3C                  112 	.db #0x3c	; 60
   003B 09                  113 	.db #0x09	; 9
   003C 03                  114 	.db #0x03	; 3
   003D 48                  115 	.db #0x48	; 72	'H'
   003E C0                  116 	.db #0xc0	; 192
   003F C0                  117 	.db #0xc0	; 192
   0040 C0                  118 	.db #0xc0	; 192
   0041 C0                  119 	.db #0xc0	; 192
   0042 C0                  120 	.db #0xc0	; 192
   0043 C0                  121 	.db #0xc0	; 192
   0044 C0                  122 	.db #0xc0	; 192
   0045 81                  123 	.db #0x81	; 129
   0046 03                  124 	.db #0x03	; 3
   0047 03                  125 	.db #0x03	; 3
   0048 03                  126 	.db #0x03	; 3
   0049 03                  127 	.db #0x03	; 3
   004A 03                  128 	.db #0x03	; 3
   004B 03                  129 	.db #0x03	; 3
   004C 03                  130 	.db #0x03	; 3
   004D 03                  131 	.db #0x03	; 3
   004E 03                  132 	.db #0x03	; 3
   004F 03                  133 	.db #0x03	; 3
   0050 03                  134 	.db #0x03	; 3
   0051 1D                  135 	.db #0x1d	; 29
   0052 35                  136 	.db #0x35	; 53	'5'
   0053 3F                  137 	.db #0x3f	; 63
   0054 3A                  138 	.db #0x3a	; 58
   0055 2E                  139 	.db #0x2e	; 46
   0056 03                  140 	.db #0x03	; 3
   0057 03                  141 	.db #0x03	; 3
   0058 03                  142 	.db #0x03	; 3
   0059 03                  143 	.db #0x03	; 3
   005A 18                  144 	.db #0x18	; 24
   005B 7E                  145 	.db #0x7e	; 126
   005C FC                  146 	.db #0xfc	; 252
   005D BD                  147 	.db #0xbd	; 189
   005E 24                  148 	.db #0x24	; 36
   005F 03                  149 	.db #0x03	; 3
   0060 03                  150 	.db #0x03	; 3
   0061 03                  151 	.db #0x03	; 3
   0062 03                  152 	.db #0x03	; 3
   0063 5C                  153 	.db #0x5c	; 92
   0064 3A                  154 	.db #0x3a	; 58
   0065 FC                  155 	.db #0xfc	; 252
   0066 74                  156 	.db #0x74	; 116	't'
   0067 2E                  157 	.db #0x2e	; 46
   0068 03                  158 	.db #0x03	; 3
   0069 03                  159 	.db #0x03	; 3
   006A 03                  160 	.db #0x03	; 3
   006B 03                  161 	.db #0x03	; 3
   006C 56                  162 	.db #0x56	; 86	'V'
   006D 3A                  163 	.db #0x3a	; 58
   006E FC                  164 	.db #0xfc	; 252
   006F 35                  165 	.db #0x35	; 53	'5'
   0070 A9                  166 	.db #0xa9	; 169
   0071 03                  167 	.db #0x03	; 3
   0072 03                  168 	.db #0x03	; 3
   0073 03                  169 	.db #0x03	; 3
   0074 03                  170 	.db #0x03	; 3
   0075 56                  171 	.db #0x56	; 86	'V'
   0076 BD                  172 	.db #0xbd	; 189
   0077 FC                  173 	.db #0xfc	; 252
   0078 7E                  174 	.db #0x7e	; 126
   0079 A9                  175 	.db #0xa9	; 169
   007A 03                  176 	.db #0x03	; 3
   007B 03                  177 	.db #0x03	; 3
   007C 03                  178 	.db #0x03	; 3
   007D 03                  179 	.db #0x03	; 3
   007E 17                  180 	.db #0x17	; 23
   007F BD                  181 	.db #0xbd	; 189
   0080 3F                  182 	.db #0x3f	; 63
   0081 7E                  183 	.db #0x7e	; 126
   0082 2B                  184 	.db #0x2b	; 43
   0083 03                  185 	.db #0x03	; 3
   0084 03                  186 	.db #0x03	; 3
   0085 03                  187 	.db #0x03	; 3
   0086 03                  188 	.db #0x03	; 3
   0087 03                  189 	.db #0x03	; 3
   0088 74                  190 	.db #0x74	; 116	't'
   0089 3F                  191 	.db #0x3f	; 63
   008A B8                  192 	.db #0xb8	; 184
   008B 03                  193 	.db #0x03	; 3
   008C 03                  194 	.db #0x03	; 3
   008D 03                  195 	.db #0x03	; 3
   008E 03                  196 	.db #0x03	; 3
   008F 03                  197 	.db #0x03	; 3
   0090 03                  198 	.db #0x03	; 3
   0091 0C                  199 	.db #0x0c	; 12
   0092 30                  200 	.db #0x30	; 48	'0'
   0093 0C                  201 	.db #0x0c	; 12
   0094 03                  202 	.db #0x03	; 3
   0095 03                  203 	.db #0x03	; 3
   0096 03                  204 	.db #0x03	; 3
   0097 03                  205 	.db #0x03	; 3
   0098 03                  206 	.db #0x03	; 3
   0099 12                  207 	.db #0x12	; 18
   009A 90                  208 	.db #0x90	; 144
   009B 30                  209 	.db #0x30	; 48	'0'
   009C 60                  210 	.db #0x60	; 96
   009D 21                  211 	.db #0x21	; 33
   009E 03                  212 	.db #0x03	; 3
   009F 03                  213 	.db #0x03	; 3
   00A0 03                  214 	.db #0x03	; 3
   00A1 03                  215 	.db #0x03	; 3
   00A2 7E                  216 	.db #0x7e	; 126
   00A3 18                  217 	.db #0x18	; 24
   00A4 30                  218 	.db #0x30	; 48	'0'
   00A5 24                  219 	.db #0x24	; 36
   00A6 BD                  220 	.db #0xbd	; 189
   00A7 03                  221 	.db #0x03	; 3
   00A8 03                  222 	.db #0x03	; 3
   00A9 03                  223 	.db #0x03	; 3
   00AA 12                  224 	.db #0x12	; 18
   00AB B8                  225 	.db #0xb8	; 184
   00AC 12                  226 	.db #0x12	; 18
   00AD 30                  227 	.db #0x30	; 48	'0'
   00AE 21                  228 	.db #0x21	; 33
   00AF 74                  229 	.db #0x74	; 116	't'
   00B0 21                  230 	.db #0x21	; 33
   00B1 03                  231 	.db #0x03	; 3
   00B2 03                  232 	.db #0x03	; 3
   00B3 5C                  233 	.db #0x5c	; 92
   00B4 21                  234 	.db #0x21	; 33
   00B5 12                  235 	.db #0x12	; 18
   00B6 30                  236 	.db #0x30	; 48	'0'
   00B7 21                  237 	.db #0x21	; 33
   00B8 12                  238 	.db #0x12	; 18
   00B9 A9                  239 	.db #0xa9	; 169
   00BA 03                  240 	.db #0x03	; 3
   00BB 03                  241 	.db #0x03	; 3
   00BC 12                  242 	.db #0x12	; 18
   00BD 03                  243 	.db #0x03	; 3
   00BE 03                  244 	.db #0x03	; 3
   00BF 03                  245 	.db #0x03	; 3
   00C0 03                  246 	.db #0x03	; 3
   00C1 03                  247 	.db #0x03	; 3
   00C2 21                  248 	.db #0x21	; 33
   00C3 03                  249 	.db #0x03	; 3
   00C4 03                  250 	.db #0x03	; 3
   00C5 03                  251 	.db #0x03	; 3
   00C6 03                  252 	.db #0x03	; 3
   00C7 07                  253 	.db #0x07	; 7
   00C8 87                  254 	.db #0x87	; 135
   00C9 0B                  255 	.db #0x0b	; 11
   00CA 03                  256 	.db #0x03	; 3
   00CB 03                  257 	.db #0x03	; 3
   00CC 03                  258 	.db #0x03	; 3
   00CD 03                  259 	.db #0x03	; 3
   00CE 03                  260 	.db #0x03	; 3
   00CF 03                  261 	.db #0x03	; 3
   00D0 02                  262 	.db #0x02	; 2
   00D1 00                  263 	.db #0x00	; 0
   00D2 01                  264 	.db #0x01	; 1
   00D3 03                  265 	.db #0x03	; 3
   00D4 03                  266 	.db #0x03	; 3
   00D5 03                  267 	.db #0x03	; 3
   00D6 03                  268 	.db #0x03	; 3
   00D7 03                  269 	.db #0x03	; 3
   00D8 03                  270 	.db #0x03	; 3
   00D9 4B                  271 	.db #0x4b	; 75	'K'
   00DA 03                  272 	.db #0x03	; 3
   00DB 83                  273 	.db #0x83	; 131
   00DC 03                  274 	.db #0x03	; 3
   00DD 03                  275 	.db #0x03	; 3
   00DE 03                  276 	.db #0x03	; 3
   00DF 03                  277 	.db #0x03	; 3
   00E0 03                  278 	.db #0x03	; 3
   00E1 03                  279 	.db #0x03	; 3
   00E2 87                  280 	.db #0x87	; 135
   00E3 03                  281 	.db #0x03	; 3
   00E4 4B                  282 	.db #0x4b	; 75	'K'
   00E5 03                  283 	.db #0x03	; 3
   00E6 03                  284 	.db #0x03	; 3
   00E7 03                  285 	.db #0x03	; 3
   00E8 03                  286 	.db #0x03	; 3
   00E9 03                  287 	.db #0x03	; 3
   00EA 03                  288 	.db #0x03	; 3
   00EB 87                  289 	.db #0x87	; 135
   00EC 03                  290 	.db #0x03	; 3
   00ED 4B                  291 	.db #0x4b	; 75	'K'
   00EE 03                  292 	.db #0x03	; 3
   00EF 03                  293 	.db #0x03	; 3
   00F0 03                  294 	.db #0x03	; 3
   00F1 03                  295 	.db #0x03	; 3
   00F2 03                  296 	.db #0x03	; 3
   00F3 07                  297 	.db #0x07	; 7
   00F4 05                  298 	.db #0x05	; 5
   00F5 03                  299 	.db #0x03	; 3
   00F6 0A                  300 	.db #0x0a	; 10
   00F7 0B                  301 	.db #0x0b	; 11
   00F8 03                  302 	.db #0x03	; 3
   00F9 03                  303 	.db #0x03	; 3
   00FA 03                  304 	.db #0x03	; 3
   00FB 03                  305 	.db #0x03	; 3
   00FC 03                  306 	.db #0x03	; 3
   00FD 03                  307 	.db #0x03	; 3
   00FE 03                  308 	.db #0x03	; 3
   00FF 03                  309 	.db #0x03	; 3
   0100 03                  310 	.db #0x03	; 3
   0101 03                  311 	.db #0x03	; 3
   0102 03                  312 	.db #0x03	; 3
   0103                     313 _g_PJ_1:
   0103 03                  314 	.db #0x03	; 3
   0104 03                  315 	.db #0x03	; 3
   0105 03                  316 	.db #0x03	; 3
   0106 03                  317 	.db #0x03	; 3
   0107 03                  318 	.db #0x03	; 3
   0108 03                  319 	.db #0x03	; 3
   0109 03                  320 	.db #0x03	; 3
   010A 03                  321 	.db #0x03	; 3
   010B 03                  322 	.db #0x03	; 3
   010C 03                  323 	.db #0x03	; 3
   010D 03                  324 	.db #0x03	; 3
   010E 03                  325 	.db #0x03	; 3
   010F 0C                  326 	.db #0x0c	; 12
   0110 0C                  327 	.db #0x0c	; 12
   0111 0C                  328 	.db #0x0c	; 12
   0112 03                  329 	.db #0x03	; 3
   0113 03                  330 	.db #0x03	; 3
   0114 03                  331 	.db #0x03	; 3
   0115 03                  332 	.db #0x03	; 3
   0116 03                  333 	.db #0x03	; 3
   0117 42                  334 	.db #0x42	; 66	'B'
   0118 CC                  335 	.db #0xcc	; 204
   0119 CC                  336 	.db #0xcc	; 204
   011A CC                  337 	.db #0xcc	; 204
   011B 81                  338 	.db #0x81	; 129
   011C 03                  339 	.db #0x03	; 3
   011D 03                  340 	.db #0x03	; 3
   011E 03                  341 	.db #0x03	; 3
   011F 03                  342 	.db #0x03	; 3
   0120 46                  343 	.db #0x46	; 70	'F'
   0121 CC                  344 	.db #0xcc	; 204
   0122 CC                  345 	.db #0xcc	; 204
   0123 CC                  346 	.db #0xcc	; 204
   0124 89                  347 	.db #0x89	; 137
   0125 03                  348 	.db #0x03	; 3
   0126 03                  349 	.db #0x03	; 3
   0127 03                  350 	.db #0x03	; 3
   0128 06                  351 	.db #0x06	; 6
   0129 3C                  352 	.db #0x3c	; 60
   012A 3C                  353 	.db #0x3c	; 60
   012B 3C                  354 	.db #0x3c	; 60
   012C 3C                  355 	.db #0x3c	; 60
   012D 3C                  356 	.db #0x3c	; 60
   012E 09                  357 	.db #0x09	; 9
   012F 03                  358 	.db #0x03	; 3
   0130 03                  359 	.db #0x03	; 3
   0131 06                  360 	.db #0x06	; 6
   0132 3C                  361 	.db #0x3c	; 60
   0133 3C                  362 	.db #0x3c	; 60
   0134 3C                  363 	.db #0x3c	; 60
   0135 3C                  364 	.db #0x3c	; 60
   0136 3C                  365 	.db #0x3c	; 60
   0137 09                  366 	.db #0x09	; 9
   0138 03                  367 	.db #0x03	; 3
   0139 42                  368 	.db #0x42	; 66	'B'
   013A C0                  369 	.db #0xc0	; 192
   013B C0                  370 	.db #0xc0	; 192
   013C C0                  371 	.db #0xc0	; 192
   013D C0                  372 	.db #0xc0	; 192
   013E C0                  373 	.db #0xc0	; 192
   013F C0                  374 	.db #0xc0	; 192
   0140 C0                  375 	.db #0xc0	; 192
   0141 81                  376 	.db #0x81	; 129
   0142 03                  377 	.db #0x03	; 3
   0143 03                  378 	.db #0x03	; 3
   0144 03                  379 	.db #0x03	; 3
   0145 03                  380 	.db #0x03	; 3
   0146 09                  381 	.db #0x09	; 9
   0147 03                  382 	.db #0x03	; 3
   0148 03                  383 	.db #0x03	; 3
   0149 03                  384 	.db #0x03	; 3
   014A 03                  385 	.db #0x03	; 3
   014B 03                  386 	.db #0x03	; 3
   014C 03                  387 	.db #0x03	; 3
   014D 1D                  388 	.db #0x1d	; 29
   014E 35                  389 	.db #0x35	; 53	'5'
   014F FC                  390 	.db #0xfc	; 252
   0150 3A                  391 	.db #0x3a	; 58
   0151 2E                  392 	.db #0x2e	; 46
   0152 03                  393 	.db #0x03	; 3
   0153 03                  394 	.db #0x03	; 3
   0154 03                  395 	.db #0x03	; 3
   0155 03                  396 	.db #0x03	; 3
   0156 18                  397 	.db #0x18	; 24
   0157 7E                  398 	.db #0x7e	; 126
   0158 FC                  399 	.db #0xfc	; 252
   0159 BD                  400 	.db #0xbd	; 189
   015A 24                  401 	.db #0x24	; 36
   015B 03                  402 	.db #0x03	; 3
   015C 03                  403 	.db #0x03	; 3
   015D 03                  404 	.db #0x03	; 3
   015E 03                  405 	.db #0x03	; 3
   015F 5C                  406 	.db #0x5c	; 92
   0160 3A                  407 	.db #0x3a	; 58
   0161 FC                  408 	.db #0xfc	; 252
   0162 35                  409 	.db #0x35	; 53	'5'
   0163 AC                  410 	.db #0xac	; 172
   0164 03                  411 	.db #0x03	; 3
   0165 03                  412 	.db #0x03	; 3
   0166 03                  413 	.db #0x03	; 3
   0167 03                  414 	.db #0x03	; 3
   0168 56                  415 	.db #0x56	; 86	'V'
   0169 3A                  416 	.db #0x3a	; 58
   016A FC                  417 	.db #0xfc	; 252
   016B 35                  418 	.db #0x35	; 53	'5'
   016C A9                  419 	.db #0xa9	; 169
   016D 03                  420 	.db #0x03	; 3
   016E 03                  421 	.db #0x03	; 3
   016F 03                  422 	.db #0x03	; 3
   0170 03                  423 	.db #0x03	; 3
   0171 56                  424 	.db #0x56	; 86	'V'
   0172 BD                  425 	.db #0xbd	; 189
   0173 3F                  426 	.db #0x3f	; 63
   0174 7E                  427 	.db #0x7e	; 126
   0175 A9                  428 	.db #0xa9	; 169
   0176 03                  429 	.db #0x03	; 3
   0177 03                  430 	.db #0x03	; 3
   0178 03                  431 	.db #0x03	; 3
   0179 03                  432 	.db #0x03	; 3
   017A 17                  433 	.db #0x17	; 23
   017B BD                  434 	.db #0xbd	; 189
   017C 3F                  435 	.db #0x3f	; 63
   017D 7E                  436 	.db #0x7e	; 126
   017E 21                  437 	.db #0x21	; 33
   017F 03                  438 	.db #0x03	; 3
   0180 03                  439 	.db #0x03	; 3
   0181 03                  440 	.db #0x03	; 3
   0182 03                  441 	.db #0x03	; 3
   0183 03                  442 	.db #0x03	; 3
   0184 74                  443 	.db #0x74	; 116	't'
   0185 3F                  444 	.db #0x3f	; 63
   0186 B8                  445 	.db #0xb8	; 184
   0187 03                  446 	.db #0x03	; 3
   0188 03                  447 	.db #0x03	; 3
   0189 03                  448 	.db #0x03	; 3
   018A 03                  449 	.db #0x03	; 3
   018B 03                  450 	.db #0x03	; 3
   018C 06                  451 	.db #0x06	; 6
   018D 81                  452 	.db #0x81	; 129
   018E 03                  453 	.db #0x03	; 3
   018F 42                  454 	.db #0x42	; 66	'B'
   0190 03                  455 	.db #0x03	; 3
   0191 03                  456 	.db #0x03	; 3
   0192 03                  457 	.db #0x03	; 3
   0193 03                  458 	.db #0x03	; 3
   0194 03                  459 	.db #0x03	; 3
   0195 18                  460 	.db #0x18	; 24
   0196 90                  461 	.db #0x90	; 144
   0197 30                  462 	.db #0x30	; 48	'0'
   0198 60                  463 	.db #0x60	; 96
   0199 21                  464 	.db #0x21	; 33
   019A 03                  465 	.db #0x03	; 3
   019B 03                  466 	.db #0x03	; 3
   019C 03                  467 	.db #0x03	; 3
   019D 03                  468 	.db #0x03	; 3
   019E FC                  469 	.db #0xfc	; 252
   019F 18                  470 	.db #0x18	; 24
   01A0 30                  471 	.db #0x30	; 48	'0'
   01A1 24                  472 	.db #0x24	; 36
   01A2 BD                  473 	.db #0xbd	; 189
   01A3 03                  474 	.db #0x03	; 3
   01A4 03                  475 	.db #0x03	; 3
   01A5 03                  476 	.db #0x03	; 3
   01A6 12                  477 	.db #0x12	; 18
   01A7 AC                  478 	.db #0xac	; 172
   01A8 12                  479 	.db #0x12	; 18
   01A9 30                  480 	.db #0x30	; 48	'0'
   01AA 21                  481 	.db #0x21	; 33
   01AB 5C                  482 	.db #0x5c	; 92
   01AC 21                  483 	.db #0x21	; 33
   01AD 03                  484 	.db #0x03	; 3
   01AE 03                  485 	.db #0x03	; 3
   01AF 12                  486 	.db #0x12	; 18
   01B0 A9                  487 	.db #0xa9	; 169
   01B1 12                  488 	.db #0x12	; 18
   01B2 30                  489 	.db #0x30	; 48	'0'
   01B3 21                  490 	.db #0x21	; 33
   01B4 56                  491 	.db #0x56	; 86	'V'
   01B5 21                  492 	.db #0x21	; 33
   01B6 03                  493 	.db #0x03	; 3
   01B7 03                  494 	.db #0x03	; 3
   01B8 03                  495 	.db #0x03	; 3
   01B9 03                  496 	.db #0x03	; 3
   01BA 03                  497 	.db #0x03	; 3
   01BB 03                  498 	.db #0x03	; 3
   01BC 03                  499 	.db #0x03	; 3
   01BD 03                  500 	.db #0x03	; 3
   01BE 03                  501 	.db #0x03	; 3
   01BF 03                  502 	.db #0x03	; 3
   01C0 03                  503 	.db #0x03	; 3
   01C1 03                  504 	.db #0x03	; 3
   01C2 03                  505 	.db #0x03	; 3
   01C3 43                  506 	.db #0x43	; 67	'C'
   01C4 C3                  507 	.db #0xc3	; 195
   01C5 83                  508 	.db #0x83	; 131
   01C6 03                  509 	.db #0x03	; 3
   01C7 03                  510 	.db #0x03	; 3
   01C8 03                  511 	.db #0x03	; 3
   01C9 03                  512 	.db #0x03	; 3
   01CA 03                  513 	.db #0x03	; 3
   01CB 03                  514 	.db #0x03	; 3
   01CC 02                  515 	.db #0x02	; 2
   01CD C3                  516 	.db #0xc3	; 195
   01CE 01                  517 	.db #0x01	; 1
   01CF 03                  518 	.db #0x03	; 3
   01D0 03                  519 	.db #0x03	; 3
   01D1 03                  520 	.db #0x03	; 3
   01D2 03                  521 	.db #0x03	; 3
   01D3 03                  522 	.db #0x03	; 3
   01D4 03                  523 	.db #0x03	; 3
   01D5 4B                  524 	.db #0x4b	; 75	'K'
   01D6 03                  525 	.db #0x03	; 3
   01D7 87                  526 	.db #0x87	; 135
   01D8 03                  527 	.db #0x03	; 3
   01D9 03                  528 	.db #0x03	; 3
   01DA 03                  529 	.db #0x03	; 3
   01DB 03                  530 	.db #0x03	; 3
   01DC 03                  531 	.db #0x03	; 3
   01DD 03                  532 	.db #0x03	; 3
   01DE 87                  533 	.db #0x87	; 135
   01DF 03                  534 	.db #0x03	; 3
   01E0 4B                  535 	.db #0x4b	; 75	'K'
   01E1 03                  536 	.db #0x03	; 3
   01E2 03                  537 	.db #0x03	; 3
   01E3 03                  538 	.db #0x03	; 3
   01E4 03                  539 	.db #0x03	; 3
   01E5 03                  540 	.db #0x03	; 3
   01E6 07                  541 	.db #0x07	; 7
   01E7 05                  542 	.db #0x05	; 5
   01E8 03                  543 	.db #0x03	; 3
   01E9 0A                  544 	.db #0x0a	; 10
   01EA 0B                  545 	.db #0x0b	; 11
   01EB 03                  546 	.db #0x03	; 3
   01EC 03                  547 	.db #0x03	; 3
   01ED 03                  548 	.db #0x03	; 3
   01EE 03                  549 	.db #0x03	; 3
   01EF 03                  550 	.db #0x03	; 3
   01F0 03                  551 	.db #0x03	; 3
   01F1 03                  552 	.db #0x03	; 3
   01F2 03                  553 	.db #0x03	; 3
   01F3 03                  554 	.db #0x03	; 3
   01F4 03                  555 	.db #0x03	; 3
   01F5 03                  556 	.db #0x03	; 3
   01F6                     557 _g_PJ_2:
   01F6 03                  558 	.db #0x03	; 3
   01F7 03                  559 	.db #0x03	; 3
   01F8 03                  560 	.db #0x03	; 3
   01F9 03                  561 	.db #0x03	; 3
   01FA 03                  562 	.db #0x03	; 3
   01FB 03                  563 	.db #0x03	; 3
   01FC 03                  564 	.db #0x03	; 3
   01FD 03                  565 	.db #0x03	; 3
   01FE 03                  566 	.db #0x03	; 3
   01FF 03                  567 	.db #0x03	; 3
   0200 03                  568 	.db #0x03	; 3
   0201 03                  569 	.db #0x03	; 3
   0202 0C                  570 	.db #0x0c	; 12
   0203 0C                  571 	.db #0x0c	; 12
   0204 0C                  572 	.db #0x0c	; 12
   0205 03                  573 	.db #0x03	; 3
   0206 03                  574 	.db #0x03	; 3
   0207 03                  575 	.db #0x03	; 3
   0208 03                  576 	.db #0x03	; 3
   0209 03                  577 	.db #0x03	; 3
   020A 42                  578 	.db #0x42	; 66	'B'
   020B CC                  579 	.db #0xcc	; 204
   020C CC                  580 	.db #0xcc	; 204
   020D CC                  581 	.db #0xcc	; 204
   020E 81                  582 	.db #0x81	; 129
   020F 03                  583 	.db #0x03	; 3
   0210 03                  584 	.db #0x03	; 3
   0211 03                  585 	.db #0x03	; 3
   0212 03                  586 	.db #0x03	; 3
   0213 46                  587 	.db #0x46	; 70	'F'
   0214 CC                  588 	.db #0xcc	; 204
   0215 CC                  589 	.db #0xcc	; 204
   0216 CC                  590 	.db #0xcc	; 204
   0217 89                  591 	.db #0x89	; 137
   0218 03                  592 	.db #0x03	; 3
   0219 03                  593 	.db #0x03	; 3
   021A 03                  594 	.db #0x03	; 3
   021B 06                  595 	.db #0x06	; 6
   021C 3C                  596 	.db #0x3c	; 60
   021D 3C                  597 	.db #0x3c	; 60
   021E 3C                  598 	.db #0x3c	; 60
   021F 3C                  599 	.db #0x3c	; 60
   0220 3C                  600 	.db #0x3c	; 60
   0221 09                  601 	.db #0x09	; 9
   0222 03                  602 	.db #0x03	; 3
   0223 03                  603 	.db #0x03	; 3
   0224 06                  604 	.db #0x06	; 6
   0225 3C                  605 	.db #0x3c	; 60
   0226 3C                  606 	.db #0x3c	; 60
   0227 3C                  607 	.db #0x3c	; 60
   0228 3C                  608 	.db #0x3c	; 60
   0229 3C                  609 	.db #0x3c	; 60
   022A 09                  610 	.db #0x09	; 9
   022B 03                  611 	.db #0x03	; 3
   022C 42                  612 	.db #0x42	; 66	'B'
   022D C0                  613 	.db #0xc0	; 192
   022E C0                  614 	.db #0xc0	; 192
   022F C0                  615 	.db #0xc0	; 192
   0230 C0                  616 	.db #0xc0	; 192
   0231 C0                  617 	.db #0xc0	; 192
   0232 C0                  618 	.db #0xc0	; 192
   0233 C0                  619 	.db #0xc0	; 192
   0234 81                  620 	.db #0x81	; 129
   0235 03                  621 	.db #0x03	; 3
   0236 03                  622 	.db #0x03	; 3
   0237 03                  623 	.db #0x03	; 3
   0238 03                  624 	.db #0x03	; 3
   0239 06                  625 	.db #0x06	; 6
   023A 03                  626 	.db #0x03	; 3
   023B 03                  627 	.db #0x03	; 3
   023C 03                  628 	.db #0x03	; 3
   023D 03                  629 	.db #0x03	; 3
   023E 03                  630 	.db #0x03	; 3
   023F 03                  631 	.db #0x03	; 3
   0240 1D                  632 	.db #0x1d	; 29
   0241 35                  633 	.db #0x35	; 53	'5'
   0242 FC                  634 	.db #0xfc	; 252
   0243 3A                  635 	.db #0x3a	; 58
   0244 2E                  636 	.db #0x2e	; 46
   0245 03                  637 	.db #0x03	; 3
   0246 03                  638 	.db #0x03	; 3
   0247 03                  639 	.db #0x03	; 3
   0248 03                  640 	.db #0x03	; 3
   0249 18                  641 	.db #0x18	; 24
   024A 7E                  642 	.db #0x7e	; 126
   024B FC                  643 	.db #0xfc	; 252
   024C BD                  644 	.db #0xbd	; 189
   024D 24                  645 	.db #0x24	; 36
   024E 03                  646 	.db #0x03	; 3
   024F 03                  647 	.db #0x03	; 3
   0250 03                  648 	.db #0x03	; 3
   0251 03                  649 	.db #0x03	; 3
   0252 5C                  650 	.db #0x5c	; 92
   0253 BD                  651 	.db #0xbd	; 189
   0254 FC                  652 	.db #0xfc	; 252
   0255 7E                  653 	.db #0x7e	; 126
   0256 AC                  654 	.db #0xac	; 172
   0257 03                  655 	.db #0x03	; 3
   0258 03                  656 	.db #0x03	; 3
   0259 03                  657 	.db #0x03	; 3
   025A 03                  658 	.db #0x03	; 3
   025B 56                  659 	.db #0x56	; 86	'V'
   025C 2B                  660 	.db #0x2b	; 43
   025D 3F                  661 	.db #0x3f	; 63
   025E 17                  662 	.db #0x17	; 23
   025F A9                  663 	.db #0xa9	; 169
   0260 03                  664 	.db #0x03	; 3
   0261 03                  665 	.db #0x03	; 3
   0262 03                  666 	.db #0x03	; 3
   0263 03                  667 	.db #0x03	; 3
   0264 56                  668 	.db #0x56	; 86	'V'
   0265 BD                  669 	.db #0xbd	; 189
   0266 7E                  670 	.db #0x7e	; 126
   0267 7E                  671 	.db #0x7e	; 126
   0268 A9                  672 	.db #0xa9	; 169
   0269 03                  673 	.db #0x03	; 3
   026A 03                  674 	.db #0x03	; 3
   026B 03                  675 	.db #0x03	; 3
   026C 03                  676 	.db #0x03	; 3
   026D 12                  677 	.db #0x12	; 18
   026E BD                  678 	.db #0xbd	; 189
   026F 3F                  679 	.db #0x3f	; 63
   0270 7E                  680 	.db #0x7e	; 126
   0271 2B                  681 	.db #0x2b	; 43
   0272 03                  682 	.db #0x03	; 3
   0273 03                  683 	.db #0x03	; 3
   0274 03                  684 	.db #0x03	; 3
   0275 03                  685 	.db #0x03	; 3
   0276 03                  686 	.db #0x03	; 3
   0277 74                  687 	.db #0x74	; 116	't'
   0278 3F                  688 	.db #0x3f	; 63
   0279 B8                  689 	.db #0xb8	; 184
   027A 03                  690 	.db #0x03	; 3
   027B 03                  691 	.db #0x03	; 3
   027C 03                  692 	.db #0x03	; 3
   027D 03                  693 	.db #0x03	; 3
   027E 03                  694 	.db #0x03	; 3
   027F 03                  695 	.db #0x03	; 3
   0280 81                  696 	.db #0x81	; 129
   0281 03                  697 	.db #0x03	; 3
   0282 42                  698 	.db #0x42	; 66	'B'
   0283 09                  699 	.db #0x09	; 9
   0284 03                  700 	.db #0x03	; 3
   0285 03                  701 	.db #0x03	; 3
   0286 03                  702 	.db #0x03	; 3
   0287 03                  703 	.db #0x03	; 3
   0288 12                  704 	.db #0x12	; 18
   0289 90                  705 	.db #0x90	; 144
   028A 30                  706 	.db #0x30	; 48	'0'
   028B 60                  707 	.db #0x60	; 96
   028C 24                  708 	.db #0x24	; 36
   028D 03                  709 	.db #0x03	; 3
   028E 03                  710 	.db #0x03	; 3
   028F 03                  711 	.db #0x03	; 3
   0290 03                  712 	.db #0x03	; 3
   0291 7E                  713 	.db #0x7e	; 126
   0292 18                  714 	.db #0x18	; 24
   0293 30                  715 	.db #0x30	; 48	'0'
   0294 24                  716 	.db #0x24	; 36
   0295 FC                  717 	.db #0xfc	; 252
   0296 03                  718 	.db #0x03	; 3
   0297 03                  719 	.db #0x03	; 3
   0298 03                  720 	.db #0x03	; 3
   0299 12                  721 	.db #0x12	; 18
   029A AC                  722 	.db #0xac	; 172
   029B 12                  723 	.db #0x12	; 18
   029C 30                  724 	.db #0x30	; 48	'0'
   029D 21                  725 	.db #0x21	; 33
   029E 5C                  726 	.db #0x5c	; 92
   029F 21                  727 	.db #0x21	; 33
   02A0 03                  728 	.db #0x03	; 3
   02A1 03                  729 	.db #0x03	; 3
   02A2 12                  730 	.db #0x12	; 18
   02A3 A9                  731 	.db #0xa9	; 169
   02A4 12                  732 	.db #0x12	; 18
   02A5 30                  733 	.db #0x30	; 48	'0'
   02A6 21                  734 	.db #0x21	; 33
   02A7 56                  735 	.db #0x56	; 86	'V'
   02A8 21                  736 	.db #0x21	; 33
   02A9 03                  737 	.db #0x03	; 3
   02AA 03                  738 	.db #0x03	; 3
   02AB 03                  739 	.db #0x03	; 3
   02AC 03                  740 	.db #0x03	; 3
   02AD 03                  741 	.db #0x03	; 3
   02AE 03                  742 	.db #0x03	; 3
   02AF 03                  743 	.db #0x03	; 3
   02B0 03                  744 	.db #0x03	; 3
   02B1 03                  745 	.db #0x03	; 3
   02B2 03                  746 	.db #0x03	; 3
   02B3 03                  747 	.db #0x03	; 3
   02B4 03                  748 	.db #0x03	; 3
   02B5 03                  749 	.db #0x03	; 3
   02B6 43                  750 	.db #0x43	; 67	'C'
   02B7 C3                  751 	.db #0xc3	; 195
   02B8 83                  752 	.db #0x83	; 131
   02B9 03                  753 	.db #0x03	; 3
   02BA 03                  754 	.db #0x03	; 3
   02BB 03                  755 	.db #0x03	; 3
   02BC 03                  756 	.db #0x03	; 3
   02BD 03                  757 	.db #0x03	; 3
   02BE 03                  758 	.db #0x03	; 3
   02BF 02                  759 	.db #0x02	; 2
   02C0 C3                  760 	.db #0xc3	; 195
   02C1 01                  761 	.db #0x01	; 1
   02C2 03                  762 	.db #0x03	; 3
   02C3 03                  763 	.db #0x03	; 3
   02C4 03                  764 	.db #0x03	; 3
   02C5 03                  765 	.db #0x03	; 3
   02C6 03                  766 	.db #0x03	; 3
   02C7 03                  767 	.db #0x03	; 3
   02C8 4B                  768 	.db #0x4b	; 75	'K'
   02C9 03                  769 	.db #0x03	; 3
   02CA 87                  770 	.db #0x87	; 135
   02CB 03                  771 	.db #0x03	; 3
   02CC 03                  772 	.db #0x03	; 3
   02CD 03                  773 	.db #0x03	; 3
   02CE 03                  774 	.db #0x03	; 3
   02CF 03                  775 	.db #0x03	; 3
   02D0 03                  776 	.db #0x03	; 3
   02D1 87                  777 	.db #0x87	; 135
   02D2 03                  778 	.db #0x03	; 3
   02D3 4B                  779 	.db #0x4b	; 75	'K'
   02D4 03                  780 	.db #0x03	; 3
   02D5 03                  781 	.db #0x03	; 3
   02D6 03                  782 	.db #0x03	; 3
   02D7 03                  783 	.db #0x03	; 3
   02D8 03                  784 	.db #0x03	; 3
   02D9 07                  785 	.db #0x07	; 7
   02DA 05                  786 	.db #0x05	; 5
   02DB 03                  787 	.db #0x03	; 3
   02DC 0A                  788 	.db #0x0a	; 10
   02DD 0B                  789 	.db #0x0b	; 11
   02DE 03                  790 	.db #0x03	; 3
   02DF 03                  791 	.db #0x03	; 3
   02E0 03                  792 	.db #0x03	; 3
   02E1 03                  793 	.db #0x03	; 3
   02E2 03                  794 	.db #0x03	; 3
   02E3 03                  795 	.db #0x03	; 3
   02E4 03                  796 	.db #0x03	; 3
   02E5 03                  797 	.db #0x03	; 3
   02E6 03                  798 	.db #0x03	; 3
   02E7 03                  799 	.db #0x03	; 3
   02E8 03                  800 	.db #0x03	; 3
   02E9                     801 _g_PJ_3:
   02E9 03                  802 	.db #0x03	; 3
   02EA 03                  803 	.db #0x03	; 3
   02EB 03                  804 	.db #0x03	; 3
   02EC 03                  805 	.db #0x03	; 3
   02ED 03                  806 	.db #0x03	; 3
   02EE 03                  807 	.db #0x03	; 3
   02EF 03                  808 	.db #0x03	; 3
   02F0 03                  809 	.db #0x03	; 3
   02F1 03                  810 	.db #0x03	; 3
   02F2 03                  811 	.db #0x03	; 3
   02F3 03                  812 	.db #0x03	; 3
   02F4 42                  813 	.db #0x42	; 66	'B'
   02F5 CC                  814 	.db #0xcc	; 204
   02F6 CC                  815 	.db #0xcc	; 204
   02F7 CC                  816 	.db #0xcc	; 204
   02F8 81                  817 	.db #0x81	; 129
   02F9 03                  818 	.db #0x03	; 3
   02FA 03                  819 	.db #0x03	; 3
   02FB 03                  820 	.db #0x03	; 3
   02FC 03                  821 	.db #0x03	; 3
   02FD 46                  822 	.db #0x46	; 70	'F'
   02FE CC                  823 	.db #0xcc	; 204
   02FF CC                  824 	.db #0xcc	; 204
   0300 CC                  825 	.db #0xcc	; 204
   0301 89                  826 	.db #0x89	; 137
   0302 03                  827 	.db #0x03	; 3
   0303 03                  828 	.db #0x03	; 3
   0304 03                  829 	.db #0x03	; 3
   0305 06                  830 	.db #0x06	; 6
   0306 48                  831 	.db #0x48	; 72	'H'
   0307 C0                  832 	.db #0xc0	; 192
   0308 C0                  833 	.db #0xc0	; 192
   0309 C0                  834 	.db #0xc0	; 192
   030A 84                  835 	.db #0x84	; 132
   030B 09                  836 	.db #0x09	; 9
   030C 03                  837 	.db #0x03	; 3
   030D 03                  838 	.db #0x03	; 3
   030E 06                  839 	.db #0x06	; 6
   030F 3C                  840 	.db #0x3c	; 60
   0310 3C                  841 	.db #0x3c	; 60
   0311 3C                  842 	.db #0x3c	; 60
   0312 3C                  843 	.db #0x3c	; 60
   0313 3C                  844 	.db #0x3c	; 60
   0314 09                  845 	.db #0x09	; 9
   0315 03                  846 	.db #0x03	; 3
   0316 42                  847 	.db #0x42	; 66	'B'
   0317 C0                  848 	.db #0xc0	; 192
   0318 C0                  849 	.db #0xc0	; 192
   0319 C0                  850 	.db #0xc0	; 192
   031A C0                  851 	.db #0xc0	; 192
   031B C0                  852 	.db #0xc0	; 192
   031C C0                  853 	.db #0xc0	; 192
   031D C0                  854 	.db #0xc0	; 192
   031E 81                  855 	.db #0x81	; 129
   031F 03                  856 	.db #0x03	; 3
   0320 03                  857 	.db #0x03	; 3
   0321 03                  858 	.db #0x03	; 3
   0322 03                  859 	.db #0x03	; 3
   0323 03                  860 	.db #0x03	; 3
   0324 03                  861 	.db #0x03	; 3
   0325 03                  862 	.db #0x03	; 3
   0326 03                  863 	.db #0x03	; 3
   0327 03                  864 	.db #0x03	; 3
   0328 03                  865 	.db #0x03	; 3
   0329 03                  866 	.db #0x03	; 3
   032A 1D                  867 	.db #0x1d	; 29
   032B 35                  868 	.db #0x35	; 53	'5'
   032C 3F                  869 	.db #0x3f	; 63
   032D 3A                  870 	.db #0x3a	; 58
   032E 2E                  871 	.db #0x2e	; 46
   032F 03                  872 	.db #0x03	; 3
   0330 03                  873 	.db #0x03	; 3
   0331 03                  874 	.db #0x03	; 3
   0332 03                  875 	.db #0x03	; 3
   0333 18                  876 	.db #0x18	; 24
   0334 7E                  877 	.db #0x7e	; 126
   0335 FC                  878 	.db #0xfc	; 252
   0336 BD                  879 	.db #0xbd	; 189
   0337 24                  880 	.db #0x24	; 36
   0338 03                  881 	.db #0x03	; 3
   0339 03                  882 	.db #0x03	; 3
   033A 03                  883 	.db #0x03	; 3
   033B 03                  884 	.db #0x03	; 3
   033C 1D                  885 	.db #0x1d	; 29
   033D B8                  886 	.db #0xb8	; 184
   033E FC                  887 	.db #0xfc	; 252
   033F 35                  888 	.db #0x35	; 53	'5'
   0340 AC                  889 	.db #0xac	; 172
   0341 03                  890 	.db #0x03	; 3
   0342 03                  891 	.db #0x03	; 3
   0343 03                  892 	.db #0x03	; 3
   0344 03                  893 	.db #0x03	; 3
   0345 56                  894 	.db #0x56	; 86	'V'
   0346 3A                  895 	.db #0x3a	; 58
   0347 FC                  896 	.db #0xfc	; 252
   0348 35                  897 	.db #0x35	; 53	'5'
   0349 A9                  898 	.db #0xa9	; 169
   034A 03                  899 	.db #0x03	; 3
   034B 03                  900 	.db #0x03	; 3
   034C 03                  901 	.db #0x03	; 3
   034D 03                  902 	.db #0x03	; 3
   034E 56                  903 	.db #0x56	; 86	'V'
   034F BD                  904 	.db #0xbd	; 189
   0350 FC                  905 	.db #0xfc	; 252
   0351 7E                  906 	.db #0x7e	; 126
   0352 A9                  907 	.db #0xa9	; 169
   0353 03                  908 	.db #0x03	; 3
   0354 03                  909 	.db #0x03	; 3
   0355 03                  910 	.db #0x03	; 3
   0356 03                  911 	.db #0x03	; 3
   0357 17                  912 	.db #0x17	; 23
   0358 BD                  913 	.db #0xbd	; 189
   0359 3F                  914 	.db #0x3f	; 63
   035A 7E                  915 	.db #0x7e	; 126
   035B 2B                  916 	.db #0x2b	; 43
   035C 03                  917 	.db #0x03	; 3
   035D 03                  918 	.db #0x03	; 3
   035E 03                  919 	.db #0x03	; 3
   035F 03                  920 	.db #0x03	; 3
   0360 03                  921 	.db #0x03	; 3
   0361 74                  922 	.db #0x74	; 116	't'
   0362 3F                  923 	.db #0x3f	; 63
   0363 B8                  924 	.db #0xb8	; 184
   0364 03                  925 	.db #0x03	; 3
   0365 03                  926 	.db #0x03	; 3
   0366 03                  927 	.db #0x03	; 3
   0367 03                  928 	.db #0x03	; 3
   0368 03                  929 	.db #0x03	; 3
   0369 03                  930 	.db #0x03	; 3
   036A 0C                  931 	.db #0x0c	; 12
   036B 30                  932 	.db #0x30	; 48	'0'
   036C 0C                  933 	.db #0x0c	; 12
   036D 03                  934 	.db #0x03	; 3
   036E 03                  935 	.db #0x03	; 3
   036F 03                  936 	.db #0x03	; 3
   0370 03                  937 	.db #0x03	; 3
   0371 03                  938 	.db #0x03	; 3
   0372 12                  939 	.db #0x12	; 18
   0373 90                  940 	.db #0x90	; 144
   0374 30                  941 	.db #0x30	; 48	'0'
   0375 60                  942 	.db #0x60	; 96
   0376 21                  943 	.db #0x21	; 33
   0377 03                  944 	.db #0x03	; 3
   0378 03                  945 	.db #0x03	; 3
   0379 03                  946 	.db #0x03	; 3
   037A 03                  947 	.db #0x03	; 3
   037B 7E                  948 	.db #0x7e	; 126
   037C 18                  949 	.db #0x18	; 24
   037D 30                  950 	.db #0x30	; 48	'0'
   037E 24                  951 	.db #0x24	; 36
   037F BD                  952 	.db #0xbd	; 189
   0380 03                  953 	.db #0x03	; 3
   0381 03                  954 	.db #0x03	; 3
   0382 03                  955 	.db #0x03	; 3
   0383 12                  956 	.db #0x12	; 18
   0384 B8                  957 	.db #0xb8	; 184
   0385 12                  958 	.db #0x12	; 18
   0386 30                  959 	.db #0x30	; 48	'0'
   0387 21                  960 	.db #0x21	; 33
   0388 74                  961 	.db #0x74	; 116	't'
   0389 21                  962 	.db #0x21	; 33
   038A 03                  963 	.db #0x03	; 3
   038B 03                  964 	.db #0x03	; 3
   038C 56                  965 	.db #0x56	; 86	'V'
   038D 21                  966 	.db #0x21	; 33
   038E 12                  967 	.db #0x12	; 18
   038F 30                  968 	.db #0x30	; 48	'0'
   0390 21                  969 	.db #0x21	; 33
   0391 12                  970 	.db #0x12	; 18
   0392 AC                  971 	.db #0xac	; 172
   0393 03                  972 	.db #0x03	; 3
   0394 03                  973 	.db #0x03	; 3
   0395 12                  974 	.db #0x12	; 18
   0396 03                  975 	.db #0x03	; 3
   0397 03                  976 	.db #0x03	; 3
   0398 03                  977 	.db #0x03	; 3
   0399 03                  978 	.db #0x03	; 3
   039A 03                  979 	.db #0x03	; 3
   039B 21                  980 	.db #0x21	; 33
   039C 03                  981 	.db #0x03	; 3
   039D 03                  982 	.db #0x03	; 3
   039E 03                  983 	.db #0x03	; 3
   039F 03                  984 	.db #0x03	; 3
   03A0 07                  985 	.db #0x07	; 7
   03A1 4B                  986 	.db #0x4b	; 75	'K'
   03A2 0B                  987 	.db #0x0b	; 11
   03A3 03                  988 	.db #0x03	; 3
   03A4 03                  989 	.db #0x03	; 3
   03A5 03                  990 	.db #0x03	; 3
   03A6 03                  991 	.db #0x03	; 3
   03A7 03                  992 	.db #0x03	; 3
   03A8 03                  993 	.db #0x03	; 3
   03A9 02                  994 	.db #0x02	; 2
   03AA 00                  995 	.db #0x00	; 0
   03AB 01                  996 	.db #0x01	; 1
   03AC 03                  997 	.db #0x03	; 3
   03AD 03                  998 	.db #0x03	; 3
   03AE 03                  999 	.db #0x03	; 3
   03AF 03                 1000 	.db #0x03	; 3
   03B0 03                 1001 	.db #0x03	; 3
   03B1 03                 1002 	.db #0x03	; 3
   03B2 43                 1003 	.db #0x43	; 67	'C'
   03B3 03                 1004 	.db #0x03	; 3
   03B4 87                 1005 	.db #0x87	; 135
   03B5 03                 1006 	.db #0x03	; 3
   03B6 03                 1007 	.db #0x03	; 3
   03B7 03                 1008 	.db #0x03	; 3
   03B8 03                 1009 	.db #0x03	; 3
   03B9 03                 1010 	.db #0x03	; 3
   03BA 03                 1011 	.db #0x03	; 3
   03BB 87                 1012 	.db #0x87	; 135
   03BC 03                 1013 	.db #0x03	; 3
   03BD 4B                 1014 	.db #0x4b	; 75	'K'
   03BE 03                 1015 	.db #0x03	; 3
   03BF 03                 1016 	.db #0x03	; 3
   03C0 03                 1017 	.db #0x03	; 3
   03C1 03                 1018 	.db #0x03	; 3
   03C2 03                 1019 	.db #0x03	; 3
   03C3 03                 1020 	.db #0x03	; 3
   03C4 87                 1021 	.db #0x87	; 135
   03C5 03                 1022 	.db #0x03	; 3
   03C6 4B                 1023 	.db #0x4b	; 75	'K'
   03C7 03                 1024 	.db #0x03	; 3
   03C8 03                 1025 	.db #0x03	; 3
   03C9 03                 1026 	.db #0x03	; 3
   03CA 03                 1027 	.db #0x03	; 3
   03CB 03                 1028 	.db #0x03	; 3
   03CC 07                 1029 	.db #0x07	; 7
   03CD 05                 1030 	.db #0x05	; 5
   03CE 03                 1031 	.db #0x03	; 3
   03CF 0A                 1032 	.db #0x0a	; 10
   03D0 0B                 1033 	.db #0x0b	; 11
   03D1 03                 1034 	.db #0x03	; 3
   03D2 03                 1035 	.db #0x03	; 3
   03D3 03                 1036 	.db #0x03	; 3
   03D4 03                 1037 	.db #0x03	; 3
   03D5 03                 1038 	.db #0x03	; 3
   03D6 03                 1039 	.db #0x03	; 3
   03D7 03                 1040 	.db #0x03	; 3
   03D8 03                 1041 	.db #0x03	; 3
   03D9 03                 1042 	.db #0x03	; 3
   03DA 03                 1043 	.db #0x03	; 3
   03DB 03                 1044 	.db #0x03	; 3
   03DC                    1045 _g_PJ_4:
   03DC 03                 1046 	.db #0x03	; 3
   03DD 03                 1047 	.db #0x03	; 3
   03DE 03                 1048 	.db #0x03	; 3
   03DF 03                 1049 	.db #0x03	; 3
   03E0 03                 1050 	.db #0x03	; 3
   03E1 03                 1051 	.db #0x03	; 3
   03E2 03                 1052 	.db #0x03	; 3
   03E3 03                 1053 	.db #0x03	; 3
   03E4 03                 1054 	.db #0x03	; 3
   03E5 03                 1055 	.db #0x03	; 3
   03E6 03                 1056 	.db #0x03	; 3
   03E7 42                 1057 	.db #0x42	; 66	'B'
   03E8 CC                 1058 	.db #0xcc	; 204
   03E9 CC                 1059 	.db #0xcc	; 204
   03EA CC                 1060 	.db #0xcc	; 204
   03EB 09                 1061 	.db #0x09	; 9
   03EC 03                 1062 	.db #0x03	; 3
   03ED 03                 1063 	.db #0x03	; 3
   03EE 03                 1064 	.db #0x03	; 3
   03EF 03                 1065 	.db #0x03	; 3
   03F0 46                 1066 	.db #0x46	; 70	'F'
   03F1 CC                 1067 	.db #0xcc	; 204
   03F2 CC                 1068 	.db #0xcc	; 204
   03F3 CC                 1069 	.db #0xcc	; 204
   03F4 81                 1070 	.db #0x81	; 129
   03F5 03                 1071 	.db #0x03	; 3
   03F6 03                 1072 	.db #0x03	; 3
   03F7 03                 1073 	.db #0x03	; 3
   03F8 06                 1074 	.db #0x06	; 6
   03F9 3C                 1075 	.db #0x3c	; 60
   03FA 3C                 1076 	.db #0x3c	; 60
   03FB 3C                 1077 	.db #0x3c	; 60
   03FC 3C                 1078 	.db #0x3c	; 60
   03FD 3C                 1079 	.db #0x3c	; 60
   03FE 03                 1080 	.db #0x03	; 3
   03FF 03                 1081 	.db #0x03	; 3
   0400 06                 1082 	.db #0x06	; 6
   0401 48                 1083 	.db #0x48	; 72	'H'
   0402 C0                 1084 	.db #0xc0	; 192
   0403 C0                 1085 	.db #0xc0	; 192
   0404 C0                 1086 	.db #0xc0	; 192
   0405 C0                 1087 	.db #0xc0	; 192
   0406 C0                 1088 	.db #0xc0	; 192
   0407 0C                 1089 	.db #0x0c	; 12
   0408 5C                 1090 	.db #0x5c	; 92
   0409 06                 1091 	.db #0x06	; 6
   040A 0C                 1092 	.db #0x0c	; 12
   040B FF                 1093 	.db #0xff	; 255
   040C FF                 1094 	.db #0xff	; 255
   040D FF                 1095 	.db #0xff	; 255
   040E FF                 1096 	.db #0xff	; 255
   040F FF                 1097 	.db #0xff	; 255
   0410 0C                 1098 	.db #0x0c	; 12
   0411 5C                 1099 	.db #0x5c	; 92
   0412 03                 1100 	.db #0x03	; 3
   0413 03                 1101 	.db #0x03	; 3
   0414 0C                 1102 	.db #0x0c	; 12
   0415 0C                 1103 	.db #0x0c	; 12
   0416 0C                 1104 	.db #0x0c	; 12
   0417 0C                 1105 	.db #0x0c	; 12
   0418 09                 1106 	.db #0x09	; 9
   0419 03                 1107 	.db #0x03	; 3
   041A 56                 1108 	.db #0x56	; 86	'V'
   041B 03                 1109 	.db #0x03	; 3
   041C 03                 1110 	.db #0x03	; 3
   041D 0C                 1111 	.db #0x0c	; 12
   041E 0C                 1112 	.db #0x0c	; 12
   041F 0C                 1113 	.db #0x0c	; 12
   0420 1D                 1114 	.db #0x1d	; 29
   0421 2B                 1115 	.db #0x2b	; 43
   0422 03                 1116 	.db #0x03	; 3
   0423 03                 1117 	.db #0x03	; 3
   0424 03                 1118 	.db #0x03	; 3
   0425 03                 1119 	.db #0x03	; 3
   0426 0C                 1120 	.db #0x0c	; 12
   0427 0C                 1121 	.db #0x0c	; 12
   0428 18                 1122 	.db #0x18	; 24
   0429 3F                 1123 	.db #0x3f	; 63
   042A B8                 1124 	.db #0xb8	; 184
   042B 03                 1125 	.db #0x03	; 3
   042C 03                 1126 	.db #0x03	; 3
   042D 03                 1127 	.db #0x03	; 3
   042E 03                 1128 	.db #0x03	; 3
   042F 0C                 1129 	.db #0x0c	; 12
   0430 0C                 1130 	.db #0x0c	; 12
   0431 3F                 1131 	.db #0x3f	; 63
   0432 B8                 1132 	.db #0xb8	; 184
   0433 21                 1133 	.db #0x21	; 33
   0434 03                 1134 	.db #0x03	; 3
   0435 03                 1135 	.db #0x03	; 3
   0436 03                 1136 	.db #0x03	; 3
   0437 03                 1137 	.db #0x03	; 3
   0438 06                 1138 	.db #0x06	; 6
   0439 1D                 1139 	.db #0x1d	; 29
   043A FC                 1140 	.db #0xfc	; 252
   043B BD                 1141 	.db #0xbd	; 189
   043C 2B                 1142 	.db #0x2b	; 43
   043D 03                 1143 	.db #0x03	; 3
   043E 03                 1144 	.db #0x03	; 3
   043F 03                 1145 	.db #0x03	; 3
   0440 03                 1146 	.db #0x03	; 3
   0441 12                 1147 	.db #0x12	; 18
   0442 FC                 1148 	.db #0xfc	; 252
   0443 FC                 1149 	.db #0xfc	; 252
   0444 3F                 1150 	.db #0x3f	; 63
   0445 21                 1151 	.db #0x21	; 33
   0446 03                 1152 	.db #0x03	; 3
   0447 03                 1153 	.db #0x03	; 3
   0448 03                 1154 	.db #0x03	; 3
   0449 03                 1155 	.db #0x03	; 3
   044A 12                 1156 	.db #0x12	; 18
   044B 74                 1157 	.db #0x74	; 116	't'
   044C FC                 1158 	.db #0xfc	; 252
   044D AC                 1159 	.db #0xac	; 172
   044E 03                 1160 	.db #0x03	; 3
   044F 03                 1161 	.db #0x03	; 3
   0450 03                 1162 	.db #0x03	; 3
   0451 03                 1163 	.db #0x03	; 3
   0452 03                 1164 	.db #0x03	; 3
   0453 03                 1165 	.db #0x03	; 3
   0454 06                 1166 	.db #0x06	; 6
   0455 06                 1167 	.db #0x06	; 6
   0456 03                 1168 	.db #0x03	; 3
   0457 03                 1169 	.db #0x03	; 3
   0458 03                 1170 	.db #0x03	; 3
   0459 03                 1171 	.db #0x03	; 3
   045A 03                 1172 	.db #0x03	; 3
   045B 03                 1173 	.db #0x03	; 3
   045C 03                 1174 	.db #0x03	; 3
   045D 06                 1175 	.db #0x06	; 6
   045E 07                 1176 	.db #0x07	; 7
   045F 21                 1177 	.db #0x21	; 33
   0460 03                 1178 	.db #0x03	; 3
   0461 03                 1179 	.db #0x03	; 3
   0462 03                 1180 	.db #0x03	; 3
   0463 03                 1181 	.db #0x03	; 3
   0464 03                 1182 	.db #0x03	; 3
   0465 03                 1183 	.db #0x03	; 3
   0466 0C                 1184 	.db #0x0c	; 12
   0467 09                 1185 	.db #0x09	; 9
   0468 24                 1186 	.db #0x24	; 36
   0469 03                 1187 	.db #0x03	; 3
   046A 03                 1188 	.db #0x03	; 3
   046B 03                 1189 	.db #0x03	; 3
   046C 03                 1190 	.db #0x03	; 3
   046D 03                 1191 	.db #0x03	; 3
   046E 03                 1192 	.db #0x03	; 3
   046F 0C                 1193 	.db #0x0c	; 12
   0470 21                 1194 	.db #0x21	; 33
   0471 24                 1195 	.db #0x24	; 36
   0472 03                 1196 	.db #0x03	; 3
   0473 03                 1197 	.db #0x03	; 3
   0474 03                 1198 	.db #0x03	; 3
   0475 03                 1199 	.db #0x03	; 3
   0476 03                 1200 	.db #0x03	; 3
   0477 03                 1201 	.db #0x03	; 3
   0478 0C                 1202 	.db #0x0c	; 12
   0479 B8                 1203 	.db #0xb8	; 184
   047A 0E                 1204 	.db #0x0e	; 14
   047B 03                 1205 	.db #0x03	; 3
   047C 03                 1206 	.db #0x03	; 3
   047D 03                 1207 	.db #0x03	; 3
   047E 03                 1208 	.db #0x03	; 3
   047F 03                 1209 	.db #0x03	; 3
   0480 03                 1210 	.db #0x03	; 3
   0481 0C                 1211 	.db #0x0c	; 12
   0482 B8                 1212 	.db #0xb8	; 184
   0483 24                 1213 	.db #0x24	; 36
   0484 03                 1214 	.db #0x03	; 3
   0485 03                 1215 	.db #0x03	; 3
   0486 03                 1216 	.db #0x03	; 3
   0487 03                 1217 	.db #0x03	; 3
   0488 03                 1218 	.db #0x03	; 3
   0489 03                 1219 	.db #0x03	; 3
   048A 03                 1220 	.db #0x03	; 3
   048B B8                 1221 	.db #0xb8	; 184
   048C 0B                 1222 	.db #0x0b	; 11
   048D 03                 1223 	.db #0x03	; 3
   048E 03                 1224 	.db #0x03	; 3
   048F 03                 1225 	.db #0x03	; 3
   0490 03                 1226 	.db #0x03	; 3
   0491 03                 1227 	.db #0x03	; 3
   0492 03                 1228 	.db #0x03	; 3
   0493 07                 1229 	.db #0x07	; 7
   0494 09                 1230 	.db #0x09	; 9
   0495 0B                 1231 	.db #0x0b	; 11
   0496 03                 1232 	.db #0x03	; 3
   0497 03                 1233 	.db #0x03	; 3
   0498 03                 1234 	.db #0x03	; 3
   0499 03                 1235 	.db #0x03	; 3
   049A 03                 1236 	.db #0x03	; 3
   049B 03                 1237 	.db #0x03	; 3
   049C 07                 1238 	.db #0x07	; 7
   049D 87                 1239 	.db #0x87	; 135
   049E 0F                 1240 	.db #0x0f	; 15
   049F 03                 1241 	.db #0x03	; 3
   04A0 03                 1242 	.db #0x03	; 3
   04A1 03                 1243 	.db #0x03	; 3
   04A2 03                 1244 	.db #0x03	; 3
   04A3 03                 1245 	.db #0x03	; 3
   04A4 03                 1246 	.db #0x03	; 3
   04A5 07                 1247 	.db #0x07	; 7
   04A6 05                 1248 	.db #0x05	; 5
   04A7 0F                 1249 	.db #0x0f	; 15
   04A8 03                 1250 	.db #0x03	; 3
   04A9 03                 1251 	.db #0x03	; 3
   04AA 03                 1252 	.db #0x03	; 3
   04AB 03                 1253 	.db #0x03	; 3
   04AC 03                 1254 	.db #0x03	; 3
   04AD 03                 1255 	.db #0x03	; 3
   04AE 07                 1256 	.db #0x07	; 7
   04AF 41                 1257 	.db #0x41	; 65	'A'
   04B0 07                 1258 	.db #0x07	; 7
   04B1 03                 1259 	.db #0x03	; 3
   04B2 03                 1260 	.db #0x03	; 3
   04B3 03                 1261 	.db #0x03	; 3
   04B4 03                 1262 	.db #0x03	; 3
   04B5 03                 1263 	.db #0x03	; 3
   04B6 03                 1264 	.db #0x03	; 3
   04B7 03                 1265 	.db #0x03	; 3
   04B8 03                 1266 	.db #0x03	; 3
   04B9 03                 1267 	.db #0x03	; 3
   04BA 03                 1268 	.db #0x03	; 3
   04BB 03                 1269 	.db #0x03	; 3
   04BC 03                 1270 	.db #0x03	; 3
   04BD                    1271 _g_PJ_5:
   04BD 03                 1272 	.db #0x03	; 3
   04BE 03                 1273 	.db #0x03	; 3
   04BF 03                 1274 	.db #0x03	; 3
   04C0 03                 1275 	.db #0x03	; 3
   04C1 03                 1276 	.db #0x03	; 3
   04C2 03                 1277 	.db #0x03	; 3
   04C3 03                 1278 	.db #0x03	; 3
   04C4 03                 1279 	.db #0x03	; 3
   04C5 03                 1280 	.db #0x03	; 3
   04C6 03                 1281 	.db #0x03	; 3
   04C7 03                 1282 	.db #0x03	; 3
   04C8 03                 1283 	.db #0x03	; 3
   04C9 0C                 1284 	.db #0x0c	; 12
   04CA 0C                 1285 	.db #0x0c	; 12
   04CB 0C                 1286 	.db #0x0c	; 12
   04CC 03                 1287 	.db #0x03	; 3
   04CD 03                 1288 	.db #0x03	; 3
   04CE 03                 1289 	.db #0x03	; 3
   04CF 03                 1290 	.db #0x03	; 3
   04D0 03                 1291 	.db #0x03	; 3
   04D1 42                 1292 	.db #0x42	; 66	'B'
   04D2 CC                 1293 	.db #0xcc	; 204
   04D3 CC                 1294 	.db #0xcc	; 204
   04D4 CC                 1295 	.db #0xcc	; 204
   04D5 81                 1296 	.db #0x81	; 129
   04D6 03                 1297 	.db #0x03	; 3
   04D7 03                 1298 	.db #0x03	; 3
   04D8 03                 1299 	.db #0x03	; 3
   04D9 03                 1300 	.db #0x03	; 3
   04DA 42                 1301 	.db #0x42	; 66	'B'
   04DB C0                 1302 	.db #0xc0	; 192
   04DC C0                 1303 	.db #0xc0	; 192
   04DD C0                 1304 	.db #0xc0	; 192
   04DE 8C                 1305 	.db #0x8c	; 140
   04DF 03                 1306 	.db #0x03	; 3
   04E0 03                 1307 	.db #0x03	; 3
   04E1 03                 1308 	.db #0x03	; 3
   04E2 03                 1309 	.db #0x03	; 3
   04E3 3C                 1310 	.db #0x3c	; 60
   04E4 3C                 1311 	.db #0x3c	; 60
   04E5 3C                 1312 	.db #0x3c	; 60
   04E6 3C                 1313 	.db #0x3c	; 60
   04E7 3C                 1314 	.db #0x3c	; 60
   04E8 09                 1315 	.db #0x09	; 9
   04E9 03                 1316 	.db #0x03	; 3
   04EA 06                 1317 	.db #0x06	; 6
   04EB C0                 1318 	.db #0xc0	; 192
   04EC C0                 1319 	.db #0xc0	; 192
   04ED C0                 1320 	.db #0xc0	; 192
   04EE C0                 1321 	.db #0xc0	; 192
   04EF C0                 1322 	.db #0xc0	; 192
   04F0 C0                 1323 	.db #0xc0	; 192
   04F1 84                 1324 	.db #0x84	; 132
   04F2 81                 1325 	.db #0x81	; 129
   04F3 03                 1326 	.db #0x03	; 3
   04F4 0C                 1327 	.db #0x0c	; 12
   04F5 03                 1328 	.db #0x03	; 3
   04F6 03                 1329 	.db #0x03	; 3
   04F7 03                 1330 	.db #0x03	; 3
   04F8 03                 1331 	.db #0x03	; 3
   04F9 03                 1332 	.db #0x03	; 3
   04FA 06                 1333 	.db #0x06	; 6
   04FB 09                 1334 	.db #0x09	; 9
   04FC 03                 1335 	.db #0x03	; 3
   04FD 03                 1336 	.db #0x03	; 3
   04FE 06                 1337 	.db #0x06	; 6
   04FF 0C                 1338 	.db #0x0c	; 12
   0500 0C                 1339 	.db #0x0c	; 12
   0501 0C                 1340 	.db #0x0c	; 12
   0502 24                 1341 	.db #0x24	; 36
   0503 03                 1342 	.db #0x03	; 3
   0504 03                 1343 	.db #0x03	; 3
   0505 03                 1344 	.db #0x03	; 3
   0506 03                 1345 	.db #0x03	; 3
   0507 06                 1346 	.db #0x06	; 6
   0508 0C                 1347 	.db #0x0c	; 12
   0509 0C                 1348 	.db #0x0c	; 12
   050A 18                 1349 	.db #0x18	; 24
   050B B8                 1350 	.db #0xb8	; 184
   050C 03                 1351 	.db #0x03	; 3
   050D 03                 1352 	.db #0x03	; 3
   050E 03                 1353 	.db #0x03	; 3
   050F 03                 1354 	.db #0x03	; 3
   0510 06                 1355 	.db #0x06	; 6
   0511 0C                 1356 	.db #0x0c	; 12
   0512 0C                 1357 	.db #0x0c	; 12
   0513 3F                 1358 	.db #0x3f	; 63
   0514 74                 1359 	.db #0x74	; 116	't'
   0515 03                 1360 	.db #0x03	; 3
   0516 03                 1361 	.db #0x03	; 3
   0517 03                 1362 	.db #0x03	; 3
   0518 03                 1363 	.db #0x03	; 3
   0519 06                 1364 	.db #0x06	; 6
   051A 0C                 1365 	.db #0x0c	; 12
   051B 35                 1366 	.db #0x35	; 53	'5'
   051C BD                 1367 	.db #0xbd	; 189
   051D 30                 1368 	.db #0x30	; 48	'0'
   051E 03                 1369 	.db #0x03	; 3
   051F 03                 1370 	.db #0x03	; 3
   0520 03                 1371 	.db #0x03	; 3
   0521 03                 1372 	.db #0x03	; 3
   0522 06                 1373 	.db #0x06	; 6
   0523 18                 1374 	.db #0x18	; 24
   0524 FC                 1375 	.db #0xfc	; 252
   0525 BD                 1376 	.db #0xbd	; 189
   0526 AC                 1377 	.db #0xac	; 172
   0527 03                 1378 	.db #0x03	; 3
   0528 03                 1379 	.db #0x03	; 3
   0529 03                 1380 	.db #0x03	; 3
   052A 03                 1381 	.db #0x03	; 3
   052B 03                 1382 	.db #0x03	; 3
   052C 7E                 1383 	.db #0x7e	; 126
   052D FC                 1384 	.db #0xfc	; 252
   052E BD                 1385 	.db #0xbd	; 189
   052F 21                 1386 	.db #0x21	; 33
   0530 03                 1387 	.db #0x03	; 3
   0531 03                 1388 	.db #0x03	; 3
   0532 03                 1389 	.db #0x03	; 3
   0533 03                 1390 	.db #0x03	; 3
   0534 03                 1391 	.db #0x03	; 3
   0535 1D                 1392 	.db #0x1d	; 29
   0536 FC                 1393 	.db #0xfc	; 252
   0537 B8                 1394 	.db #0xb8	; 184
   0538 03                 1395 	.db #0x03	; 3
   0539 03                 1396 	.db #0x03	; 3
   053A 03                 1397 	.db #0x03	; 3
   053B 03                 1398 	.db #0x03	; 3
   053C 03                 1399 	.db #0x03	; 3
   053D 03                 1400 	.db #0x03	; 3
   053E 03                 1401 	.db #0x03	; 3
   053F 03                 1402 	.db #0x03	; 3
   0540 03                 1403 	.db #0x03	; 3
   0541 03                 1404 	.db #0x03	; 3
   0542 03                 1405 	.db #0x03	; 3
   0543 03                 1406 	.db #0x03	; 3
   0544 03                 1407 	.db #0x03	; 3
   0545 03                 1408 	.db #0x03	; 3
   0546 03                 1409 	.db #0x03	; 3
   0547 06                 1410 	.db #0x06	; 6
   0548 09                 1411 	.db #0x09	; 9
   0549 0B                 1412 	.db #0x0b	; 11
   054A 03                 1413 	.db #0x03	; 3
   054B 03                 1414 	.db #0x03	; 3
   054C 03                 1415 	.db #0x03	; 3
   054D 03                 1416 	.db #0x03	; 3
   054E 03                 1417 	.db #0x03	; 3
   054F 03                 1418 	.db #0x03	; 3
   0550 42                 1419 	.db #0x42	; 66	'B'
   0551 48                 1420 	.db #0x48	; 72	'H'
   0552 03                 1421 	.db #0x03	; 3
   0553 03                 1422 	.db #0x03	; 3
   0554 03                 1423 	.db #0x03	; 3
   0555 03                 1424 	.db #0x03	; 3
   0556 03                 1425 	.db #0x03	; 3
   0557 03                 1426 	.db #0x03	; 3
   0558 03                 1427 	.db #0x03	; 3
   0559 42                 1428 	.db #0x42	; 66	'B'
   055A 81                 1429 	.db #0x81	; 129
   055B 35                 1430 	.db #0x35	; 53	'5'
   055C 03                 1431 	.db #0x03	; 3
   055D 03                 1432 	.db #0x03	; 3
   055E 03                 1433 	.db #0x03	; 3
   055F 03                 1434 	.db #0x03	; 3
   0560 03                 1435 	.db #0x03	; 3
   0561 03                 1436 	.db #0x03	; 3
   0562 42                 1437 	.db #0x42	; 66	'B'
   0563 C0                 1438 	.db #0xc0	; 192
   0564 74                 1439 	.db #0x74	; 116	't'
   0565 21                 1440 	.db #0x21	; 33
   0566 03                 1441 	.db #0x03	; 3
   0567 03                 1442 	.db #0x03	; 3
   0568 03                 1443 	.db #0x03	; 3
   0569 03                 1444 	.db #0x03	; 3
   056A 03                 1445 	.db #0x03	; 3
   056B 42                 1446 	.db #0x42	; 66	'B'
   056C C4                 1447 	.db #0xc4	; 196
   056D 90                 1448 	.db #0x90	; 144
   056E 21                 1449 	.db #0x21	; 33
   056F 03                 1450 	.db #0x03	; 3
   0570 03                 1451 	.db #0x03	; 3
   0571 03                 1452 	.db #0x03	; 3
   0572 03                 1453 	.db #0x03	; 3
   0573 03                 1454 	.db #0x03	; 3
   0574 03                 1455 	.db #0x03	; 3
   0575 03                 1456 	.db #0x03	; 3
   0576 09                 1457 	.db #0x09	; 9
   0577 03                 1458 	.db #0x03	; 3
   0578 03                 1459 	.db #0x03	; 3
   0579 03                 1460 	.db #0x03	; 3
   057A 03                 1461 	.db #0x03	; 3
   057B 03                 1462 	.db #0x03	; 3
   057C 03                 1463 	.db #0x03	; 3
   057D 07                 1464 	.db #0x07	; 7
   057E 83                 1465 	.db #0x83	; 131
   057F 0F                 1466 	.db #0x0f	; 15
   0580 03                 1467 	.db #0x03	; 3
   0581 03                 1468 	.db #0x03	; 3
   0582 03                 1469 	.db #0x03	; 3
   0583 03                 1470 	.db #0x03	; 3
   0584 03                 1471 	.db #0x03	; 3
   0585 03                 1472 	.db #0x03	; 3
   0586 0A                 1473 	.db #0x0a	; 10
   0587 0B                 1474 	.db #0x0b	; 11
   0588 07                 1475 	.db #0x07	; 7
   0589 0B                 1476 	.db #0x0b	; 11
   058A 03                 1477 	.db #0x03	; 3
   058B 03                 1478 	.db #0x03	; 3
   058C 03                 1479 	.db #0x03	; 3
   058D 03                 1480 	.db #0x03	; 3
   058E 03                 1481 	.db #0x03	; 3
   058F C3                 1482 	.db #0xc3	; 195
   0590 03                 1483 	.db #0x03	; 3
   0591 07                 1484 	.db #0x07	; 7
   0592 0B                 1485 	.db #0x0b	; 11
   0593 03                 1486 	.db #0x03	; 3
   0594 03                 1487 	.db #0x03	; 3
   0595 03                 1488 	.db #0x03	; 3
   0596 03                 1489 	.db #0x03	; 3
   0597 03                 1490 	.db #0x03	; 3
   0598 00                 1491 	.db #0x00	; 0
   0599 0B                 1492 	.db #0x0b	; 11
   059A 03                 1493 	.db #0x03	; 3
   059B 0F                 1494 	.db #0x0f	; 15
   059C 03                 1495 	.db #0x03	; 3
   059D 03                 1496 	.db #0x03	; 3
   059E                    1497 _g_PJ_6:
   059E 03                 1498 	.db #0x03	; 3
   059F 03                 1499 	.db #0x03	; 3
   05A0 03                 1500 	.db #0x03	; 3
   05A1 03                 1501 	.db #0x03	; 3
   05A2 03                 1502 	.db #0x03	; 3
   05A3 03                 1503 	.db #0x03	; 3
   05A4 03                 1504 	.db #0x03	; 3
   05A5 03                 1505 	.db #0x03	; 3
   05A6 03                 1506 	.db #0x03	; 3
   05A7 03                 1507 	.db #0x03	; 3
   05A8 03                 1508 	.db #0x03	; 3
   05A9 42                 1509 	.db #0x42	; 66	'B'
   05AA CC                 1510 	.db #0xcc	; 204
   05AB CC                 1511 	.db #0xcc	; 204
   05AC CC                 1512 	.db #0xcc	; 204
   05AD 09                 1513 	.db #0x09	; 9
   05AE 03                 1514 	.db #0x03	; 3
   05AF 03                 1515 	.db #0x03	; 3
   05B0 03                 1516 	.db #0x03	; 3
   05B1 03                 1517 	.db #0x03	; 3
   05B2 46                 1518 	.db #0x46	; 70	'F'
   05B3 CC                 1519 	.db #0xcc	; 204
   05B4 CC                 1520 	.db #0xcc	; 204
   05B5 CC                 1521 	.db #0xcc	; 204
   05B6 81                 1522 	.db #0x81	; 129
   05B7 03                 1523 	.db #0x03	; 3
   05B8 03                 1524 	.db #0x03	; 3
   05B9 03                 1525 	.db #0x03	; 3
   05BA 06                 1526 	.db #0x06	; 6
   05BB 3C                 1527 	.db #0x3c	; 60
   05BC 3C                 1528 	.db #0x3c	; 60
   05BD 3C                 1529 	.db #0x3c	; 60
   05BE 3C                 1530 	.db #0x3c	; 60
   05BF 3C                 1531 	.db #0x3c	; 60
   05C0 03                 1532 	.db #0x03	; 3
   05C1 03                 1533 	.db #0x03	; 3
   05C2 06                 1534 	.db #0x06	; 6
   05C3 48                 1535 	.db #0x48	; 72	'H'
   05C4 C0                 1536 	.db #0xc0	; 192
   05C5 C0                 1537 	.db #0xc0	; 192
   05C6 C0                 1538 	.db #0xc0	; 192
   05C7 C0                 1539 	.db #0xc0	; 192
   05C8 C0                 1540 	.db #0xc0	; 192
   05C9 0C                 1541 	.db #0x0c	; 12
   05CA 09                 1542 	.db #0x09	; 9
   05CB 06                 1543 	.db #0x06	; 6
   05CC 0C                 1544 	.db #0x0c	; 12
   05CD FF                 1545 	.db #0xff	; 255
   05CE FF                 1546 	.db #0xff	; 255
   05CF FF                 1547 	.db #0xff	; 255
   05D0 FF                 1548 	.db #0xff	; 255
   05D1 FF                 1549 	.db #0xff	; 255
   05D2 0C                 1550 	.db #0x0c	; 12
   05D3 09                 1551 	.db #0x09	; 9
   05D4 03                 1552 	.db #0x03	; 3
   05D5 03                 1553 	.db #0x03	; 3
   05D6 0C                 1554 	.db #0x0c	; 12
   05D7 0C                 1555 	.db #0x0c	; 12
   05D8 0C                 1556 	.db #0x0c	; 12
   05D9 0C                 1557 	.db #0x0c	; 12
   05DA 09                 1558 	.db #0x09	; 9
   05DB 03                 1559 	.db #0x03	; 3
   05DC 03                 1560 	.db #0x03	; 3
   05DD 03                 1561 	.db #0x03	; 3
   05DE 03                 1562 	.db #0x03	; 3
   05DF 0C                 1563 	.db #0x0c	; 12
   05E0 0C                 1564 	.db #0x0c	; 12
   05E1 0C                 1565 	.db #0x0c	; 12
   05E2 1D                 1566 	.db #0x1d	; 29
   05E3 2B                 1567 	.db #0x2b	; 43
   05E4 03                 1568 	.db #0x03	; 3
   05E5 03                 1569 	.db #0x03	; 3
   05E6 03                 1570 	.db #0x03	; 3
   05E7 03                 1571 	.db #0x03	; 3
   05E8 0C                 1572 	.db #0x0c	; 12
   05E9 0C                 1573 	.db #0x0c	; 12
   05EA 18                 1574 	.db #0x18	; 24
   05EB 3F                 1575 	.db #0x3f	; 63
   05EC B8                 1576 	.db #0xb8	; 184
   05ED 03                 1577 	.db #0x03	; 3
   05EE 03                 1578 	.db #0x03	; 3
   05EF 03                 1579 	.db #0x03	; 3
   05F0 03                 1580 	.db #0x03	; 3
   05F1 06                 1581 	.db #0x06	; 6
   05F2 0C                 1582 	.db #0x0c	; 12
   05F3 3F                 1583 	.db #0x3f	; 63
   05F4 B8                 1584 	.db #0xb8	; 184
   05F5 21                 1585 	.db #0x21	; 33
   05F6 03                 1586 	.db #0x03	; 3
   05F7 03                 1587 	.db #0x03	; 3
   05F8 03                 1588 	.db #0x03	; 3
   05F9 03                 1589 	.db #0x03	; 3
   05FA 06                 1590 	.db #0x06	; 6
   05FB 1D                 1591 	.db #0x1d	; 29
   05FC FC                 1592 	.db #0xfc	; 252
   05FD BD                 1593 	.db #0xbd	; 189
   05FE 2B                 1594 	.db #0x2b	; 43
   05FF 03                 1595 	.db #0x03	; 3
   0600 03                 1596 	.db #0x03	; 3
   0601 03                 1597 	.db #0x03	; 3
   0602 03                 1598 	.db #0x03	; 3
   0603 12                 1599 	.db #0x12	; 18
   0604 FC                 1600 	.db #0xfc	; 252
   0605 FC                 1601 	.db #0xfc	; 252
   0606 3F                 1602 	.db #0x3f	; 63
   0607 21                 1603 	.db #0x21	; 33
   0608 03                 1604 	.db #0x03	; 3
   0609 03                 1605 	.db #0x03	; 3
   060A 03                 1606 	.db #0x03	; 3
   060B 03                 1607 	.db #0x03	; 3
   060C 12                 1608 	.db #0x12	; 18
   060D 74                 1609 	.db #0x74	; 116	't'
   060E FC                 1610 	.db #0xfc	; 252
   060F AC                 1611 	.db #0xac	; 172
   0610 03                 1612 	.db #0x03	; 3
   0611 03                 1613 	.db #0x03	; 3
   0612 03                 1614 	.db #0x03	; 3
   0613 03                 1615 	.db #0x03	; 3
   0614 03                 1616 	.db #0x03	; 3
   0615 03                 1617 	.db #0x03	; 3
   0616 06                 1618 	.db #0x06	; 6
   0617 06                 1619 	.db #0x06	; 6
   0618 03                 1620 	.db #0x03	; 3
   0619 03                 1621 	.db #0x03	; 3
   061A 03                 1622 	.db #0x03	; 3
   061B 03                 1623 	.db #0x03	; 3
   061C 03                 1624 	.db #0x03	; 3
   061D 03                 1625 	.db #0x03	; 3
   061E 03                 1626 	.db #0x03	; 3
   061F 06                 1627 	.db #0x06	; 6
   0620 07                 1628 	.db #0x07	; 7
   0621 21                 1629 	.db #0x21	; 33
   0622 03                 1630 	.db #0x03	; 3
   0623 03                 1631 	.db #0x03	; 3
   0624 03                 1632 	.db #0x03	; 3
   0625 03                 1633 	.db #0x03	; 3
   0626 03                 1634 	.db #0x03	; 3
   0627 03                 1635 	.db #0x03	; 3
   0628 0C                 1636 	.db #0x0c	; 12
   0629 09                 1637 	.db #0x09	; 9
   062A 04                 1638 	.db #0x04	; 4
   062B 03                 1639 	.db #0x03	; 3
   062C 03                 1640 	.db #0x03	; 3
   062D 03                 1641 	.db #0x03	; 3
   062E 03                 1642 	.db #0x03	; 3
   062F 03                 1643 	.db #0x03	; 3
   0630 03                 1644 	.db #0x03	; 3
   0631 06                 1645 	.db #0x06	; 6
   0632 21                 1646 	.db #0x21	; 33
   0633 24                 1647 	.db #0x24	; 36
   0634 03                 1648 	.db #0x03	; 3
   0635 03                 1649 	.db #0x03	; 3
   0636 03                 1650 	.db #0x03	; 3
   0637 03                 1651 	.db #0x03	; 3
   0638 03                 1652 	.db #0x03	; 3
   0639 03                 1653 	.db #0x03	; 3
   063A 06                 1654 	.db #0x06	; 6
   063B B8                 1655 	.db #0xb8	; 184
   063C 0E                 1656 	.db #0x0e	; 14
   063D 03                 1657 	.db #0x03	; 3
   063E 03                 1658 	.db #0x03	; 3
   063F 03                 1659 	.db #0x03	; 3
   0640 03                 1660 	.db #0x03	; 3
   0641 03                 1661 	.db #0x03	; 3
   0642 03                 1662 	.db #0x03	; 3
   0643 0C                 1663 	.db #0x0c	; 12
   0644 3A                 1664 	.db #0x3a	; 58
   0645 0E                 1665 	.db #0x0e	; 14
   0646 03                 1666 	.db #0x03	; 3
   0647 03                 1667 	.db #0x03	; 3
   0648 03                 1668 	.db #0x03	; 3
   0649 03                 1669 	.db #0x03	; 3
   064A 03                 1670 	.db #0x03	; 3
   064B 03                 1671 	.db #0x03	; 3
   064C 03                 1672 	.db #0x03	; 3
   064D B8                 1673 	.db #0xb8	; 184
   064E 0B                 1674 	.db #0x0b	; 11
   064F 03                 1675 	.db #0x03	; 3
   0650 03                 1676 	.db #0x03	; 3
   0651 03                 1677 	.db #0x03	; 3
   0652 03                 1678 	.db #0x03	; 3
   0653 03                 1679 	.db #0x03	; 3
   0654 03                 1680 	.db #0x03	; 3
   0655 07                 1681 	.db #0x07	; 7
   0656 09                 1682 	.db #0x09	; 9
   0657 0B                 1683 	.db #0x0b	; 11
   0658 03                 1684 	.db #0x03	; 3
   0659 03                 1685 	.db #0x03	; 3
   065A 03                 1686 	.db #0x03	; 3
   065B 03                 1687 	.db #0x03	; 3
   065C 03                 1688 	.db #0x03	; 3
   065D 03                 1689 	.db #0x03	; 3
   065E 07                 1690 	.db #0x07	; 7
   065F 87                 1691 	.db #0x87	; 135
   0660 0F                 1692 	.db #0x0f	; 15
   0661 03                 1693 	.db #0x03	; 3
   0662 03                 1694 	.db #0x03	; 3
   0663 03                 1695 	.db #0x03	; 3
   0664 03                 1696 	.db #0x03	; 3
   0665 03                 1697 	.db #0x03	; 3
   0666 03                 1698 	.db #0x03	; 3
   0667 07                 1699 	.db #0x07	; 7
   0668 05                 1700 	.db #0x05	; 5
   0669 0F                 1701 	.db #0x0f	; 15
   066A 03                 1702 	.db #0x03	; 3
   066B 03                 1703 	.db #0x03	; 3
   066C 03                 1704 	.db #0x03	; 3
   066D 03                 1705 	.db #0x03	; 3
   066E 03                 1706 	.db #0x03	; 3
   066F 03                 1707 	.db #0x03	; 3
   0670 07                 1708 	.db #0x07	; 7
   0671 41                 1709 	.db #0x41	; 65	'A'
   0672 07                 1710 	.db #0x07	; 7
   0673 03                 1711 	.db #0x03	; 3
   0674 03                 1712 	.db #0x03	; 3
   0675 03                 1713 	.db #0x03	; 3
   0676 03                 1714 	.db #0x03	; 3
   0677 03                 1715 	.db #0x03	; 3
   0678 03                 1716 	.db #0x03	; 3
   0679 03                 1717 	.db #0x03	; 3
   067A 03                 1718 	.db #0x03	; 3
   067B 03                 1719 	.db #0x03	; 3
   067C 03                 1720 	.db #0x03	; 3
   067D 03                 1721 	.db #0x03	; 3
   067E 03                 1722 	.db #0x03	; 3
   067F                    1723 _g_PJ_7:
   067F 03                 1724 	.db #0x03	; 3
   0680 03                 1725 	.db #0x03	; 3
   0681 03                 1726 	.db #0x03	; 3
   0682 03                 1727 	.db #0x03	; 3
   0683 03                 1728 	.db #0x03	; 3
   0684 03                 1729 	.db #0x03	; 3
   0685 03                 1730 	.db #0x03	; 3
   0686 03                 1731 	.db #0x03	; 3
   0687 03                 1732 	.db #0x03	; 3
   0688 03                 1733 	.db #0x03	; 3
   0689 03                 1734 	.db #0x03	; 3
   068A 03                 1735 	.db #0x03	; 3
   068B 0C                 1736 	.db #0x0c	; 12
   068C 0C                 1737 	.db #0x0c	; 12
   068D 0C                 1738 	.db #0x0c	; 12
   068E 03                 1739 	.db #0x03	; 3
   068F 03                 1740 	.db #0x03	; 3
   0690 03                 1741 	.db #0x03	; 3
   0691 03                 1742 	.db #0x03	; 3
   0692 03                 1743 	.db #0x03	; 3
   0693 42                 1744 	.db #0x42	; 66	'B'
   0694 CC                 1745 	.db #0xcc	; 204
   0695 CC                 1746 	.db #0xcc	; 204
   0696 CC                 1747 	.db #0xcc	; 204
   0697 89                 1748 	.db #0x89	; 137
   0698 03                 1749 	.db #0x03	; 3
   0699 03                 1750 	.db #0x03	; 3
   069A 03                 1751 	.db #0x03	; 3
   069B 03                 1752 	.db #0x03	; 3
   069C 42                 1753 	.db #0x42	; 66	'B'
   069D C0                 1754 	.db #0xc0	; 192
   069E C0                 1755 	.db #0xc0	; 192
   069F C0                 1756 	.db #0xc0	; 192
   06A0 8C                 1757 	.db #0x8c	; 140
   06A1 03                 1758 	.db #0x03	; 3
   06A2 03                 1759 	.db #0x03	; 3
   06A3 03                 1760 	.db #0x03	; 3
   06A4 03                 1761 	.db #0x03	; 3
   06A5 3C                 1762 	.db #0x3c	; 60
   06A6 3C                 1763 	.db #0x3c	; 60
   06A7 3C                 1764 	.db #0x3c	; 60
   06A8 3C                 1765 	.db #0x3c	; 60
   06A9 3C                 1766 	.db #0x3c	; 60
   06AA 09                 1767 	.db #0x09	; 9
   06AB 03                 1768 	.db #0x03	; 3
   06AC 06                 1769 	.db #0x06	; 6
   06AD C0                 1770 	.db #0xc0	; 192
   06AE C0                 1771 	.db #0xc0	; 192
   06AF C0                 1772 	.db #0xc0	; 192
   06B0 C0                 1773 	.db #0xc0	; 192
   06B1 C0                 1774 	.db #0xc0	; 192
   06B2 C0                 1775 	.db #0xc0	; 192
   06B3 84                 1776 	.db #0x84	; 132
   06B4 81                 1777 	.db #0x81	; 129
   06B5 03                 1778 	.db #0x03	; 3
   06B6 0C                 1779 	.db #0x0c	; 12
   06B7 03                 1780 	.db #0x03	; 3
   06B8 03                 1781 	.db #0x03	; 3
   06B9 03                 1782 	.db #0x03	; 3
   06BA 03                 1783 	.db #0x03	; 3
   06BB 03                 1784 	.db #0x03	; 3
   06BC 06                 1785 	.db #0x06	; 6
   06BD 09                 1786 	.db #0x09	; 9
   06BE 03                 1787 	.db #0x03	; 3
   06BF 03                 1788 	.db #0x03	; 3
   06C0 06                 1789 	.db #0x06	; 6
   06C1 0C                 1790 	.db #0x0c	; 12
   06C2 0C                 1791 	.db #0x0c	; 12
   06C3 0C                 1792 	.db #0x0c	; 12
   06C4 24                 1793 	.db #0x24	; 36
   06C5 03                 1794 	.db #0x03	; 3
   06C6 03                 1795 	.db #0x03	; 3
   06C7 03                 1796 	.db #0x03	; 3
   06C8 03                 1797 	.db #0x03	; 3
   06C9 06                 1798 	.db #0x06	; 6
   06CA 0C                 1799 	.db #0x0c	; 12
   06CB 0C                 1800 	.db #0x0c	; 12
   06CC 18                 1801 	.db #0x18	; 24
   06CD B8                 1802 	.db #0xb8	; 184
   06CE 03                 1803 	.db #0x03	; 3
   06CF 03                 1804 	.db #0x03	; 3
   06D0 03                 1805 	.db #0x03	; 3
   06D1 03                 1806 	.db #0x03	; 3
   06D2 06                 1807 	.db #0x06	; 6
   06D3 0C                 1808 	.db #0x0c	; 12
   06D4 0C                 1809 	.db #0x0c	; 12
   06D5 3F                 1810 	.db #0x3f	; 63
   06D6 74                 1811 	.db #0x74	; 116	't'
   06D7 03                 1812 	.db #0x03	; 3
   06D8 03                 1813 	.db #0x03	; 3
   06D9 03                 1814 	.db #0x03	; 3
   06DA 03                 1815 	.db #0x03	; 3
   06DB 06                 1816 	.db #0x06	; 6
   06DC 0C                 1817 	.db #0x0c	; 12
   06DD 35                 1818 	.db #0x35	; 53	'5'
   06DE BD                 1819 	.db #0xbd	; 189
   06DF 30                 1820 	.db #0x30	; 48	'0'
   06E0 03                 1821 	.db #0x03	; 3
   06E1 03                 1822 	.db #0x03	; 3
   06E2 03                 1823 	.db #0x03	; 3
   06E3 03                 1824 	.db #0x03	; 3
   06E4 06                 1825 	.db #0x06	; 6
   06E5 18                 1826 	.db #0x18	; 24
   06E6 FC                 1827 	.db #0xfc	; 252
   06E7 BD                 1828 	.db #0xbd	; 189
   06E8 AC                 1829 	.db #0xac	; 172
   06E9 03                 1830 	.db #0x03	; 3
   06EA 03                 1831 	.db #0x03	; 3
   06EB 03                 1832 	.db #0x03	; 3
   06EC 03                 1833 	.db #0x03	; 3
   06ED 03                 1834 	.db #0x03	; 3
   06EE 7E                 1835 	.db #0x7e	; 126
   06EF FC                 1836 	.db #0xfc	; 252
   06F0 BD                 1837 	.db #0xbd	; 189
   06F1 21                 1838 	.db #0x21	; 33
   06F2 03                 1839 	.db #0x03	; 3
   06F3 03                 1840 	.db #0x03	; 3
   06F4 03                 1841 	.db #0x03	; 3
   06F5 03                 1842 	.db #0x03	; 3
   06F6 03                 1843 	.db #0x03	; 3
   06F7 1D                 1844 	.db #0x1d	; 29
   06F8 FC                 1845 	.db #0xfc	; 252
   06F9 B8                 1846 	.db #0xb8	; 184
   06FA 03                 1847 	.db #0x03	; 3
   06FB 03                 1848 	.db #0x03	; 3
   06FC 03                 1849 	.db #0x03	; 3
   06FD 03                 1850 	.db #0x03	; 3
   06FE 03                 1851 	.db #0x03	; 3
   06FF 03                 1852 	.db #0x03	; 3
   0700 03                 1853 	.db #0x03	; 3
   0701 03                 1854 	.db #0x03	; 3
   0702 03                 1855 	.db #0x03	; 3
   0703 03                 1856 	.db #0x03	; 3
   0704 03                 1857 	.db #0x03	; 3
   0705 03                 1858 	.db #0x03	; 3
   0706 03                 1859 	.db #0x03	; 3
   0707 03                 1860 	.db #0x03	; 3
   0708 03                 1861 	.db #0x03	; 3
   0709 03                 1862 	.db #0x03	; 3
   070A 0C                 1863 	.db #0x0c	; 12
   070B 24                 1864 	.db #0x24	; 36
   070C 03                 1865 	.db #0x03	; 3
   070D 03                 1866 	.db #0x03	; 3
   070E 03                 1867 	.db #0x03	; 3
   070F 03                 1868 	.db #0x03	; 3
   0710 03                 1869 	.db #0x03	; 3
   0711 03                 1870 	.db #0x03	; 3
   0712 12                 1871 	.db #0x12	; 18
   0713 21                 1872 	.db #0x21	; 33
   0714 30                 1873 	.db #0x30	; 48	'0'
   0715 03                 1874 	.db #0x03	; 3
   0716 03                 1875 	.db #0x03	; 3
   0717 03                 1876 	.db #0x03	; 3
   0718 03                 1877 	.db #0x03	; 3
   0719 03                 1878 	.db #0x03	; 3
   071A 03                 1879 	.db #0x03	; 3
   071B 17                 1880 	.db #0x17	; 23
   071C 24                 1881 	.db #0x24	; 36
   071D 30                 1882 	.db #0x30	; 48	'0'
   071E 03                 1883 	.db #0x03	; 3
   071F 03                 1884 	.db #0x03	; 3
   0720 03                 1885 	.db #0x03	; 3
   0721 03                 1886 	.db #0x03	; 3
   0722 03                 1887 	.db #0x03	; 3
   0723 03                 1888 	.db #0x03	; 3
   0724 17                 1889 	.db #0x17	; 23
   0725 60                 1890 	.db #0x60	; 96
   0726 30                 1891 	.db #0x30	; 48	'0'
   0727 03                 1892 	.db #0x03	; 3
   0728 03                 1893 	.db #0x03	; 3
   0729 03                 1894 	.db #0x03	; 3
   072A 03                 1895 	.db #0x03	; 3
   072B 03                 1896 	.db #0x03	; 3
   072C 03                 1897 	.db #0x03	; 3
   072D 12                 1898 	.db #0x12	; 18
   072E 60                 1899 	.db #0x60	; 96
   072F 30                 1900 	.db #0x30	; 48	'0'
   0730 03                 1901 	.db #0x03	; 3
   0731 03                 1902 	.db #0x03	; 3
   0732 03                 1903 	.db #0x03	; 3
   0733 03                 1904 	.db #0x03	; 3
   0734 03                 1905 	.db #0x03	; 3
   0735 03                 1906 	.db #0x03	; 3
   0736 03                 1907 	.db #0x03	; 3
   0737 03                 1908 	.db #0x03	; 3
   0738 03                 1909 	.db #0x03	; 3
   0739 03                 1910 	.db #0x03	; 3
   073A 03                 1911 	.db #0x03	; 3
   073B 03                 1912 	.db #0x03	; 3
   073C 03                 1913 	.db #0x03	; 3
   073D 03                 1914 	.db #0x03	; 3
   073E 03                 1915 	.db #0x03	; 3
   073F 07                 1916 	.db #0x07	; 7
   0740 0B                 1917 	.db #0x0b	; 11
   0741 C3                 1918 	.db #0xc3	; 195
   0742 03                 1919 	.db #0x03	; 3
   0743 03                 1920 	.db #0x03	; 3
   0744 03                 1921 	.db #0x03	; 3
   0745 03                 1922 	.db #0x03	; 3
   0746 03                 1923 	.db #0x03	; 3
   0747 03                 1924 	.db #0x03	; 3
   0748 0F                 1925 	.db #0x0f	; 15
   0749 03                 1926 	.db #0x03	; 3
   074A 0A                 1927 	.db #0x0a	; 10
   074B 0B                 1928 	.db #0x0b	; 11
   074C 03                 1929 	.db #0x03	; 3
   074D 03                 1930 	.db #0x03	; 3
   074E 03                 1931 	.db #0x03	; 3
   074F 03                 1932 	.db #0x03	; 3
   0750 03                 1933 	.db #0x03	; 3
   0751 0F                 1934 	.db #0x0f	; 15
   0752 03                 1935 	.db #0x03	; 3
   0753 43                 1936 	.db #0x43	; 67	'C'
   0754 83                 1937 	.db #0x83	; 131
   0755 03                 1938 	.db #0x03	; 3
   0756 03                 1939 	.db #0x03	; 3
   0757 03                 1940 	.db #0x03	; 3
   0758 03                 1941 	.db #0x03	; 3
   0759 03                 1942 	.db #0x03	; 3
   075A 0F                 1943 	.db #0x0f	; 15
   075B 0B                 1944 	.db #0x0b	; 11
   075C 03                 1945 	.db #0x03	; 3
   075D 41                 1946 	.db #0x41	; 65	'A'
   075E 03                 1947 	.db #0x03	; 3
   075F 03                 1948 	.db #0x03	; 3
                           1949 	.area _INITIALIZER
                           1950 	.area _CABS (ABS)
