                              1 ;--------------------------------------------------------
                              2 ; File Created by SDCC : free open source ANSI-C Compiler
                              3 ; Version 3.6.8 #9946 (CYGWIN)
                              4 ;--------------------------------------------------------
                              5 	.module PJ_0
                              6 	.optsdcc -mz80
                              7 	
                              8 ;--------------------------------------------------------
                              9 ; Public variables in this module
                             10 ;--------------------------------------------------------
                             11 	.globl _g_PJ_0
                             12 	.globl _g_palette
                             13 ;--------------------------------------------------------
                             14 ; special function registers
                             15 ;--------------------------------------------------------
                             16 ;--------------------------------------------------------
                             17 ; ram data
                             18 ;--------------------------------------------------------
                             19 	.area _DATA
                             20 ;--------------------------------------------------------
                             21 ; ram data
                             22 ;--------------------------------------------------------
                             23 	.area _INITIALIZED
                             24 ;--------------------------------------------------------
                             25 ; absolute external ram data
                             26 ;--------------------------------------------------------
                             27 	.area _DABS (ABS)
                             28 ;--------------------------------------------------------
                             29 ; global & static initialisations
                             30 ;--------------------------------------------------------
                             31 	.area _HOME
                             32 	.area _GSINIT
                             33 	.area _GSFINAL
                             34 	.area _GSINIT
                             35 ;--------------------------------------------------------
                             36 ; Home
                             37 ;--------------------------------------------------------
                             38 	.area _HOME
                             39 	.area _HOME
                             40 ;--------------------------------------------------------
                             41 ; code
                             42 ;--------------------------------------------------------
                             43 	.area _CODE
                             44 	.area _CODE
   0000                      45 _g_palette:
   0000 57                   46 	.db #0x57	; 87	'W'
   0001 4E                   47 	.db #0x4e	; 78	'N'
   0002 5C                   48 	.db #0x5c	; 92
   0003 4A                   49 	.db #0x4a	; 74	'J'
   0004 40                   50 	.db #0x40	; 64
   0005 53                   51 	.db #0x53	; 83	'S'
   0006 4C                   52 	.db #0x4c	; 76	'L'
   0007 4B                   53 	.db #0x4b	; 75	'K'
   0008 54                   54 	.db #0x54	; 84	'T'
   0009 55                   55 	.db #0x55	; 85	'U'
   000A 44                   56 	.db #0x44	; 68	'D'
   000B 52                   57 	.db #0x52	; 82	'R'
   000C 4D                   58 	.db #0x4d	; 77	'M'
   000D 5D                   59 	.db #0x5d	; 93
   000E 47                   60 	.db #0x47	; 71	'G'
   000F 56                   61 	.db #0x56	; 86	'V'
   0010                      62 _g_PJ_0:
   0010 03                   63 	.db #0x03	; 3
   0011 03                   64 	.db #0x03	; 3
   0012 03                   65 	.db #0x03	; 3
   0013 03                   66 	.db #0x03	; 3
   0014 03                   67 	.db #0x03	; 3
   0015 03                   68 	.db #0x03	; 3
   0016 03                   69 	.db #0x03	; 3
   0017 03                   70 	.db #0x03	; 3
   0018 03                   71 	.db #0x03	; 3
   0019 03                   72 	.db #0x03	; 3
   001A 03                   73 	.db #0x03	; 3
   001B 03                   74 	.db #0x03	; 3
   001C 03                   75 	.db #0x03	; 3
   001D 03                   76 	.db #0x03	; 3
   001E 03                   77 	.db #0x03	; 3
   001F 03                   78 	.db #0x03	; 3
   0020 03                   79 	.db #0x03	; 3
   0021 03                   80 	.db #0x03	; 3
   0022 03                   81 	.db #0x03	; 3
   0023 03                   82 	.db #0x03	; 3
   0024 C8                   83 	.db #0xc8	; 200
   0025 C8                   84 	.db #0xc8	; 200
   0026 C8                   85 	.db #0xc8	; 200
   0027 C8                   86 	.db #0xc8	; 200
   0028 C8                   87 	.db #0xc8	; 200
   0029 03                   88 	.db #0x03	; 3
   002A 03                   89 	.db #0x03	; 3
   002B 03                   90 	.db #0x03	; 3
   002C 03                   91 	.db #0x03	; 3
   002D 03                   92 	.db #0x03	; 3
   002E 03                   93 	.db #0x03	; 3
   002F 03                   94 	.db #0x03	; 3
   0030 03                   95 	.db #0x03	; 3
   0031 03                   96 	.db #0x03	; 3
   0032 03                   97 	.db #0x03	; 3
   0033 46                   98 	.db #0x46	; 70	'F'
   0034 C4                   99 	.db #0xc4	; 196
   0035 C4                  100 	.db #0xc4	; 196
   0036 C4                  101 	.db #0xc4	; 196
   0037 C4                  102 	.db #0xc4	; 196
   0038 C4                  103 	.db #0xc4	; 196
   0039 81                  104 	.db #0x81	; 129
   003A 03                  105 	.db #0x03	; 3
   003B 03                  106 	.db #0x03	; 3
   003C 03                  107 	.db #0x03	; 3
   003D 03                  108 	.db #0x03	; 3
   003E 03                  109 	.db #0x03	; 3
   003F 03                  110 	.db #0x03	; 3
   0040 03                  111 	.db #0x03	; 3
   0041 03                  112 	.db #0x03	; 3
   0042 03                  113 	.db #0x03	; 3
   0043 42                  114 	.db #0x42	; 66	'B'
   0044 C8                  115 	.db #0xc8	; 200
   0045 C8                  116 	.db #0xc8	; 200
   0046 C8                  117 	.db #0xc8	; 200
   0047 C8                  118 	.db #0xc8	; 200
   0048 C8                  119 	.db #0xc8	; 200
   0049 89                  120 	.db #0x89	; 137
   004A 03                  121 	.db #0x03	; 3
   004B 03                  122 	.db #0x03	; 3
   004C 03                  123 	.db #0x03	; 3
   004D 03                  124 	.db #0x03	; 3
   004E 03                  125 	.db #0x03	; 3
   004F 03                  126 	.db #0x03	; 3
   0050 03                  127 	.db #0x03	; 3
   0051 03                  128 	.db #0x03	; 3
   0052 16                  129 	.db #0x16	; 22
   0053 3C                  130 	.db #0x3c	; 60
   0054 3C                  131 	.db #0x3c	; 60
   0055 3C                  132 	.db #0x3c	; 60
   0056 3C                  133 	.db #0x3c	; 60
   0057 3C                  134 	.db #0x3c	; 60
   0058 3C                  135 	.db #0x3c	; 60
   0059 3C                  136 	.db #0x3c	; 60
   005A 29                  137 	.db #0x29	; 41
   005B 03                  138 	.db #0x03	; 3
   005C 03                  139 	.db #0x03	; 3
   005D 03                  140 	.db #0x03	; 3
   005E 03                  141 	.db #0x03	; 3
   005F 03                  142 	.db #0x03	; 3
   0060 03                  143 	.db #0x03	; 3
   0061 03                  144 	.db #0x03	; 3
   0062 16                  145 	.db #0x16	; 22
   0063 3C                  146 	.db #0x3c	; 60
   0064 3C                  147 	.db #0x3c	; 60
   0065 3C                  148 	.db #0x3c	; 60
   0066 3C                  149 	.db #0x3c	; 60
   0067 3C                  150 	.db #0x3c	; 60
   0068 3C                  151 	.db #0x3c	; 60
   0069 3C                  152 	.db #0x3c	; 60
   006A 29                  153 	.db #0x29	; 41
   006B 03                  154 	.db #0x03	; 3
   006C 03                  155 	.db #0x03	; 3
   006D 03                  156 	.db #0x03	; 3
   006E 03                  157 	.db #0x03	; 3
   006F 03                  158 	.db #0x03	; 3
   0070 46                  159 	.db #0x46	; 70	'F'
   0071 C4                  160 	.db #0xc4	; 196
   0072 C4                  161 	.db #0xc4	; 196
   0073 C4                  162 	.db #0xc4	; 196
   0074 C4                  163 	.db #0xc4	; 196
   0075 C4                  164 	.db #0xc4	; 196
   0076 C4                  165 	.db #0xc4	; 196
   0077 C4                  166 	.db #0xc4	; 196
   0078 C4                  167 	.db #0xc4	; 196
   0079 C4                  168 	.db #0xc4	; 196
   007A C4                  169 	.db #0xc4	; 196
   007B C4                  170 	.db #0xc4	; 196
   007C 81                  171 	.db #0x81	; 129
   007D 03                  172 	.db #0x03	; 3
   007E 03                  173 	.db #0x03	; 3
   007F 03                  174 	.db #0x03	; 3
   0080 03                  175 	.db #0x03	; 3
   0081 03                  176 	.db #0x03	; 3
   0082 03                  177 	.db #0x03	; 3
   0083 03                  178 	.db #0x03	; 3
   0084 03                  179 	.db #0x03	; 3
   0085 03                  180 	.db #0x03	; 3
   0086 03                  181 	.db #0x03	; 3
   0087 03                  182 	.db #0x03	; 3
   0088 03                  183 	.db #0x03	; 3
   0089 03                  184 	.db #0x03	; 3
   008A 03                  185 	.db #0x03	; 3
   008B 03                  186 	.db #0x03	; 3
   008C 03                  187 	.db #0x03	; 3
   008D 03                  188 	.db #0x03	; 3
   008E 03                  189 	.db #0x03	; 3
   008F 03                  190 	.db #0x03	; 3
   0090 03                  191 	.db #0x03	; 3
   0091 03                  192 	.db #0x03	; 3
   0092 03                  193 	.db #0x03	; 3
   0093 0C                  194 	.db #0x0c	; 12
   0094 AC                  195 	.db #0xac	; 172
   0095 AC                  196 	.db #0xac	; 172
   0096 FC                  197 	.db #0xfc	; 252
   0097 5C                  198 	.db #0x5c	; 92
   0098 5C                  199 	.db #0x5c	; 92
   0099 0C                  200 	.db #0x0c	; 12
   009A 03                  201 	.db #0x03	; 3
   009B 03                  202 	.db #0x03	; 3
   009C 03                  203 	.db #0x03	; 3
   009D 03                  204 	.db #0x03	; 3
   009E 03                  205 	.db #0x03	; 3
   009F 03                  206 	.db #0x03	; 3
   00A0 03                  207 	.db #0x03	; 3
   00A1 03                  208 	.db #0x03	; 3
   00A2 03                  209 	.db #0x03	; 3
   00A3 0C                  210 	.db #0x0c	; 12
   00A4 AC                  211 	.db #0xac	; 172
   00A5 FC                  212 	.db #0xfc	; 252
   00A6 FC                  213 	.db #0xfc	; 252
   00A7 FC                  214 	.db #0xfc	; 252
   00A8 5C                  215 	.db #0x5c	; 92
   00A9 0C                  216 	.db #0x0c	; 12
   00AA 03                  217 	.db #0x03	; 3
   00AB 03                  218 	.db #0x03	; 3
   00AC 03                  219 	.db #0x03	; 3
   00AD 03                  220 	.db #0x03	; 3
   00AE 03                  221 	.db #0x03	; 3
   00AF 03                  222 	.db #0x03	; 3
   00B0 03                  223 	.db #0x03	; 3
   00B1 03                  224 	.db #0x03	; 3
   00B2 03                  225 	.db #0x03	; 3
   00B3 0C                  226 	.db #0x0c	; 12
   00B4 FC                  227 	.db #0xfc	; 252
   00B5 FC                  228 	.db #0xfc	; 252
   00B6 FC                  229 	.db #0xfc	; 252
   00B7 FC                  230 	.db #0xfc	; 252
   00B8 FC                  231 	.db #0xfc	; 252
   00B9 0C                  232 	.db #0x0c	; 12
   00BA 03                  233 	.db #0x03	; 3
   00BB 03                  234 	.db #0x03	; 3
   00BC 03                  235 	.db #0x03	; 3
   00BD 03                  236 	.db #0x03	; 3
   00BE 03                  237 	.db #0x03	; 3
   00BF 03                  238 	.db #0x03	; 3
   00C0 03                  239 	.db #0x03	; 3
   00C1 03                  240 	.db #0x03	; 3
   00C2 03                  241 	.db #0x03	; 3
   00C3 5C                  242 	.db #0x5c	; 92
   00C4 FC                  243 	.db #0xfc	; 252
   00C5 56                  244 	.db #0x56	; 86	'V'
   00C6 FC                  245 	.db #0xfc	; 252
   00C7 A9                  246 	.db #0xa9	; 169
   00C8 FC                  247 	.db #0xfc	; 252
   00C9 AC                  248 	.db #0xac	; 172
   00CA 03                  249 	.db #0x03	; 3
   00CB 03                  250 	.db #0x03	; 3
   00CC 03                  251 	.db #0x03	; 3
   00CD 03                  252 	.db #0x03	; 3
   00CE 03                  253 	.db #0x03	; 3
   00CF 03                  254 	.db #0x03	; 3
   00D0 03                  255 	.db #0x03	; 3
   00D1 03                  256 	.db #0x03	; 3
   00D2 03                  257 	.db #0x03	; 3
   00D3 56                  258 	.db #0x56	; 86	'V'
   00D4 FC                  259 	.db #0xfc	; 252
   00D5 56                  260 	.db #0x56	; 86	'V'
   00D6 FC                  261 	.db #0xfc	; 252
   00D7 A9                  262 	.db #0xa9	; 169
   00D8 FC                  263 	.db #0xfc	; 252
   00D9 A9                  264 	.db #0xa9	; 169
   00DA 03                  265 	.db #0x03	; 3
   00DB 03                  266 	.db #0x03	; 3
   00DC 03                  267 	.db #0x03	; 3
   00DD 03                  268 	.db #0x03	; 3
   00DE 03                  269 	.db #0x03	; 3
   00DF 03                  270 	.db #0x03	; 3
   00E0 03                  271 	.db #0x03	; 3
   00E1 03                  272 	.db #0x03	; 3
   00E2 03                  273 	.db #0x03	; 3
   00E3 56                  274 	.db #0x56	; 86	'V'
   00E4 FC                  275 	.db #0xfc	; 252
   00E5 FC                  276 	.db #0xfc	; 252
   00E6 FC                  277 	.db #0xfc	; 252
   00E7 FC                  278 	.db #0xfc	; 252
   00E8 FC                  279 	.db #0xfc	; 252
   00E9 A9                  280 	.db #0xa9	; 169
   00EA 03                  281 	.db #0x03	; 3
   00EB 03                  282 	.db #0x03	; 3
   00EC 03                  283 	.db #0x03	; 3
   00ED 03                  284 	.db #0x03	; 3
   00EE 03                  285 	.db #0x03	; 3
   00EF 03                  286 	.db #0x03	; 3
   00F0 03                  287 	.db #0x03	; 3
   00F1 03                  288 	.db #0x03	; 3
   00F2 03                  289 	.db #0x03	; 3
   00F3 56                  290 	.db #0x56	; 86	'V'
   00F4 FC                  291 	.db #0xfc	; 252
   00F5 AC                  292 	.db #0xac	; 172
   00F6 FC                  293 	.db #0xfc	; 252
   00F7 5C                  294 	.db #0x5c	; 92
   00F8 FC                  295 	.db #0xfc	; 252
   00F9 A9                  296 	.db #0xa9	; 169
   00FA 03                  297 	.db #0x03	; 3
   00FB 03                  298 	.db #0x03	; 3
   00FC 03                  299 	.db #0x03	; 3
   00FD 03                  300 	.db #0x03	; 3
   00FE 03                  301 	.db #0x03	; 3
   00FF 03                  302 	.db #0x03	; 3
   0100 03                  303 	.db #0x03	; 3
   0101 03                  304 	.db #0x03	; 3
   0102 03                  305 	.db #0x03	; 3
   0103 03                  306 	.db #0x03	; 3
   0104 FC                  307 	.db #0xfc	; 252
   0105 FC                  308 	.db #0xfc	; 252
   0106 0C                  309 	.db #0x0c	; 12
   0107 FC                  310 	.db #0xfc	; 252
   0108 FC                  311 	.db #0xfc	; 252
   0109 03                  312 	.db #0x03	; 3
   010A 03                  313 	.db #0x03	; 3
   010B 03                  314 	.db #0x03	; 3
   010C 03                  315 	.db #0x03	; 3
   010D 03                  316 	.db #0x03	; 3
   010E 03                  317 	.db #0x03	; 3
   010F 03                  318 	.db #0x03	; 3
   0110 03                  319 	.db #0x03	; 3
   0111 03                  320 	.db #0x03	; 3
   0112 03                  321 	.db #0x03	; 3
   0113 03                  322 	.db #0x03	; 3
   0114 03                  323 	.db #0x03	; 3
   0115 FC                  324 	.db #0xfc	; 252
   0116 FC                  325 	.db #0xfc	; 252
   0117 FC                  326 	.db #0xfc	; 252
   0118 03                  327 	.db #0x03	; 3
   0119 03                  328 	.db #0x03	; 3
   011A 03                  329 	.db #0x03	; 3
   011B 03                  330 	.db #0x03	; 3
   011C 03                  331 	.db #0x03	; 3
   011D 03                  332 	.db #0x03	; 3
   011E 03                  333 	.db #0x03	; 3
   011F 03                  334 	.db #0x03	; 3
   0120 03                  335 	.db #0x03	; 3
   0121 03                  336 	.db #0x03	; 3
   0122 03                  337 	.db #0x03	; 3
   0123 03                  338 	.db #0x03	; 3
   0124 C0                  339 	.db #0xc0	; 192
   0125 03                  340 	.db #0x03	; 3
   0126 03                  341 	.db #0x03	; 3
   0127 03                  342 	.db #0x03	; 3
   0128 C0                  343 	.db #0xc0	; 192
   0129 03                  344 	.db #0x03	; 3
   012A 03                  345 	.db #0x03	; 3
   012B 03                  346 	.db #0x03	; 3
   012C 03                  347 	.db #0x03	; 3
   012D 03                  348 	.db #0x03	; 3
   012E 03                  349 	.db #0x03	; 3
   012F 03                  350 	.db #0x03	; 3
   0130 03                  351 	.db #0x03	; 3
   0131 03                  352 	.db #0x03	; 3
   0132 03                  353 	.db #0x03	; 3
   0133 56                  354 	.db #0x56	; 86	'V'
   0134 42                  355 	.db #0x42	; 66	'B'
   0135 80                  356 	.db #0x80	; 128
   0136 C0                  357 	.db #0xc0	; 192
   0137 40                  358 	.db #0x40	; 64
   0138 81                  359 	.db #0x81	; 129
   0139 A9                  360 	.db #0xa9	; 169
   013A 03                  361 	.db #0x03	; 3
   013B 03                  362 	.db #0x03	; 3
   013C 03                  363 	.db #0x03	; 3
   013D 03                  364 	.db #0x03	; 3
   013E 03                  365 	.db #0x03	; 3
   013F 03                  366 	.db #0x03	; 3
   0140 03                  367 	.db #0x03	; 3
   0141 03                  368 	.db #0x03	; 3
   0142 03                  369 	.db #0x03	; 3
   0143 FC                  370 	.db #0xfc	; 252
   0144 A9                  371 	.db #0xa9	; 169
   0145 80                  372 	.db #0x80	; 128
   0146 C0                  373 	.db #0xc0	; 192
   0147 40                  374 	.db #0x40	; 64
   0148 56                  375 	.db #0x56	; 86	'V'
   0149 FC                  376 	.db #0xfc	; 252
   014A 03                  377 	.db #0x03	; 3
   014B 03                  378 	.db #0x03	; 3
   014C 03                  379 	.db #0x03	; 3
   014D 03                  380 	.db #0x03	; 3
   014E 03                  381 	.db #0x03	; 3
   014F 03                  382 	.db #0x03	; 3
   0150 03                  383 	.db #0x03	; 3
   0151 03                  384 	.db #0x03	; 3
   0152 56                  385 	.db #0x56	; 86	'V'
   0153 FC                  386 	.db #0xfc	; 252
   0154 03                  387 	.db #0x03	; 3
   0155 80                  388 	.db #0x80	; 128
   0156 C0                  389 	.db #0xc0	; 192
   0157 40                  390 	.db #0x40	; 64
   0158 03                  391 	.db #0x03	; 3
   0159 FC                  392 	.db #0xfc	; 252
   015A A9                  393 	.db #0xa9	; 169
   015B 03                  394 	.db #0x03	; 3
   015C 03                  395 	.db #0x03	; 3
   015D 03                  396 	.db #0x03	; 3
   015E 03                  397 	.db #0x03	; 3
   015F 03                  398 	.db #0x03	; 3
   0160 03                  399 	.db #0x03	; 3
   0161 03                  400 	.db #0x03	; 3
   0162 FC                  401 	.db #0xfc	; 252
   0163 A9                  402 	.db #0xa9	; 169
   0164 03                  403 	.db #0x03	; 3
   0165 80                  404 	.db #0x80	; 128
   0166 C0                  405 	.db #0xc0	; 192
   0167 40                  406 	.db #0x40	; 64
   0168 03                  407 	.db #0x03	; 3
   0169 56                  408 	.db #0x56	; 86	'V'
   016A FC                  409 	.db #0xfc	; 252
   016B 03                  410 	.db #0x03	; 3
   016C 03                  411 	.db #0x03	; 3
   016D 03                  412 	.db #0x03	; 3
   016E 03                  413 	.db #0x03	; 3
   016F 03                  414 	.db #0x03	; 3
   0170 03                  415 	.db #0x03	; 3
   0171 03                  416 	.db #0x03	; 3
   0172 FC                  417 	.db #0xfc	; 252
   0173 03                  418 	.db #0x03	; 3
   0174 03                  419 	.db #0x03	; 3
   0175 80                  420 	.db #0x80	; 128
   0176 C0                  421 	.db #0xc0	; 192
   0177 40                  422 	.db #0x40	; 64
   0178 03                  423 	.db #0x03	; 3
   0179 03                  424 	.db #0x03	; 3
   017A FC                  425 	.db #0xfc	; 252
   017B 03                  426 	.db #0x03	; 3
   017C 03                  427 	.db #0x03	; 3
   017D 03                  428 	.db #0x03	; 3
   017E 03                  429 	.db #0x03	; 3
   017F 03                  430 	.db #0x03	; 3
   0180 03                  431 	.db #0x03	; 3
   0181 03                  432 	.db #0x03	; 3
   0182 03                  433 	.db #0x03	; 3
   0183 03                  434 	.db #0x03	; 3
   0184 03                  435 	.db #0x03	; 3
   0185 03                  436 	.db #0x03	; 3
   0186 03                  437 	.db #0x03	; 3
   0187 03                  438 	.db #0x03	; 3
   0188 03                  439 	.db #0x03	; 3
   0189 03                  440 	.db #0x03	; 3
   018A 03                  441 	.db #0x03	; 3
   018B 03                  442 	.db #0x03	; 3
   018C 03                  443 	.db #0x03	; 3
   018D 03                  444 	.db #0x03	; 3
   018E 03                  445 	.db #0x03	; 3
   018F 03                  446 	.db #0x03	; 3
   0190 03                  447 	.db #0x03	; 3
   0191 03                  448 	.db #0x03	; 3
   0192 03                  449 	.db #0x03	; 3
   0193 03                  450 	.db #0x03	; 3
   0194 03                  451 	.db #0x03	; 3
   0195 00                  452 	.db #0x00	; 0
   0196 00                  453 	.db #0x00	; 0
   0197 00                  454 	.db #0x00	; 0
   0198 03                  455 	.db #0x03	; 3
   0199 03                  456 	.db #0x03	; 3
   019A 03                  457 	.db #0x03	; 3
   019B 03                  458 	.db #0x03	; 3
   019C 03                  459 	.db #0x03	; 3
   019D 03                  460 	.db #0x03	; 3
   019E 03                  461 	.db #0x03	; 3
   019F 03                  462 	.db #0x03	; 3
   01A0 03                  463 	.db #0x03	; 3
   01A1 03                  464 	.db #0x03	; 3
   01A2 03                  465 	.db #0x03	; 3
   01A3 03                  466 	.db #0x03	; 3
   01A4 03                  467 	.db #0x03	; 3
   01A5 00                  468 	.db #0x00	; 0
   01A6 00                  469 	.db #0x00	; 0
   01A7 00                  470 	.db #0x00	; 0
   01A8 03                  471 	.db #0x03	; 3
   01A9 03                  472 	.db #0x03	; 3
   01AA 03                  473 	.db #0x03	; 3
   01AB 03                  474 	.db #0x03	; 3
   01AC 03                  475 	.db #0x03	; 3
   01AD 03                  476 	.db #0x03	; 3
   01AE 03                  477 	.db #0x03	; 3
   01AF 03                  478 	.db #0x03	; 3
   01B0 03                  479 	.db #0x03	; 3
   01B1 03                  480 	.db #0x03	; 3
   01B2 03                  481 	.db #0x03	; 3
   01B3 03                  482 	.db #0x03	; 3
   01B4 03                  483 	.db #0x03	; 3
   01B5 00                  484 	.db #0x00	; 0
   01B6 03                  485 	.db #0x03	; 3
   01B7 00                  486 	.db #0x00	; 0
   01B8 03                  487 	.db #0x03	; 3
   01B9 03                  488 	.db #0x03	; 3
   01BA 03                  489 	.db #0x03	; 3
   01BB 03                  490 	.db #0x03	; 3
   01BC 03                  491 	.db #0x03	; 3
   01BD 03                  492 	.db #0x03	; 3
   01BE 03                  493 	.db #0x03	; 3
   01BF 03                  494 	.db #0x03	; 3
   01C0 03                  495 	.db #0x03	; 3
   01C1 03                  496 	.db #0x03	; 3
   01C2 03                  497 	.db #0x03	; 3
   01C3 03                  498 	.db #0x03	; 3
   01C4 02                  499 	.db #0x02	; 2
   01C5 01                  500 	.db #0x01	; 1
   01C6 03                  501 	.db #0x03	; 3
   01C7 02                  502 	.db #0x02	; 2
   01C8 01                  503 	.db #0x01	; 1
   01C9 03                  504 	.db #0x03	; 3
   01CA 03                  505 	.db #0x03	; 3
   01CB 03                  506 	.db #0x03	; 3
   01CC 03                  507 	.db #0x03	; 3
   01CD 03                  508 	.db #0x03	; 3
   01CE 03                  509 	.db #0x03	; 3
   01CF 03                  510 	.db #0x03	; 3
   01D0 03                  511 	.db #0x03	; 3
   01D1 03                  512 	.db #0x03	; 3
   01D2 03                  513 	.db #0x03	; 3
   01D3 03                  514 	.db #0x03	; 3
   01D4 02                  515 	.db #0x02	; 2
   01D5 01                  516 	.db #0x01	; 1
   01D6 03                  517 	.db #0x03	; 3
   01D7 02                  518 	.db #0x02	; 2
   01D8 01                  519 	.db #0x01	; 1
   01D9 03                  520 	.db #0x03	; 3
   01DA 03                  521 	.db #0x03	; 3
   01DB 03                  522 	.db #0x03	; 3
   01DC 03                  523 	.db #0x03	; 3
   01DD 03                  524 	.db #0x03	; 3
   01DE 03                  525 	.db #0x03	; 3
   01DF 03                  526 	.db #0x03	; 3
   01E0 03                  527 	.db #0x03	; 3
   01E1 03                  528 	.db #0x03	; 3
   01E2 03                  529 	.db #0x03	; 3
   01E3 03                  530 	.db #0x03	; 3
   01E4 02                  531 	.db #0x02	; 2
   01E5 01                  532 	.db #0x01	; 1
   01E6 03                  533 	.db #0x03	; 3
   01E7 02                  534 	.db #0x02	; 2
   01E8 01                  535 	.db #0x01	; 1
   01E9 03                  536 	.db #0x03	; 3
   01EA 03                  537 	.db #0x03	; 3
   01EB 03                  538 	.db #0x03	; 3
   01EC 03                  539 	.db #0x03	; 3
   01ED 03                  540 	.db #0x03	; 3
   01EE 03                  541 	.db #0x03	; 3
   01EF 03                  542 	.db #0x03	; 3
   01F0 03                  543 	.db #0x03	; 3
   01F1 03                  544 	.db #0x03	; 3
   01F2 03                  545 	.db #0x03	; 3
   01F3 03                  546 	.db #0x03	; 3
   01F4 00                  547 	.db #0x00	; 0
   01F5 01                  548 	.db #0x01	; 1
   01F6 03                  549 	.db #0x03	; 3
   01F7 02                  550 	.db #0x02	; 2
   01F8 00                  551 	.db #0x00	; 0
   01F9 03                  552 	.db #0x03	; 3
   01FA 03                  553 	.db #0x03	; 3
   01FB 03                  554 	.db #0x03	; 3
   01FC 03                  555 	.db #0x03	; 3
   01FD 03                  556 	.db #0x03	; 3
   01FE 03                  557 	.db #0x03	; 3
   01FF 03                  558 	.db #0x03	; 3
   0200 03                  559 	.db #0x03	; 3
   0201 03                  560 	.db #0x03	; 3
   0202 03                  561 	.db #0x03	; 3
   0203 03                  562 	.db #0x03	; 3
   0204 03                  563 	.db #0x03	; 3
   0205 03                  564 	.db #0x03	; 3
   0206 03                  565 	.db #0x03	; 3
   0207 03                  566 	.db #0x03	; 3
   0208 03                  567 	.db #0x03	; 3
   0209 03                  568 	.db #0x03	; 3
   020A 03                  569 	.db #0x03	; 3
   020B 03                  570 	.db #0x03	; 3
   020C 03                  571 	.db #0x03	; 3
   020D 03                  572 	.db #0x03	; 3
   020E 03                  573 	.db #0x03	; 3
   020F 03                  574 	.db #0x03	; 3
                            575 	.area _INITIALIZER
                            576 	.area _CABS (ABS)
